**********************
Windows PowerShell transcript start
Start time: 20241122102116
Username: AzureAD\AlphaeusMote
RunAs User: AzureAD\AlphaeusMote
Configuration Name: 
Machine: AMOTE-AXWIN (Microsoft Windows NT 10.0.26100.0)
Host Application: C:\WINDOWS\system32\WindowsPowerShell\v1.0\PowerShell_ISE.exe
Process ID: 13848
PSVersion: 5.1.26100.2161
PSEdition: Desktop
PSCompatibleVersions: 1.0, 2.0, 3.0, 4.0, 5.0, 5.1.26100.2161
BuildVersion: 10.0.26100.2161
CLRVersion: 4.0.30319.42000
WSManStackVersion: 3.0
PSRemotingProtocolVersion: 2.3
SerializationVersion: 1.1.0.1
**********************
Transcript started, output file is C:\Users\AlphaeusMote\Github\powershell-sdk\Get-AutomoxCrossZoneReport\Logs\Get-AutomoxCrossZoneReport_20241122.log
VERBOSE: 11/22/2024 10:21:16.875 - Execution of script "Get-AutomoxCrossZoneReport.ps1" began on Friday, November 22, 2024 @ 10:21:16.593 AM
VERBOSE: 11/22/2024 10:21:16.875 - Script Path = C:\Users\AlphaeusMote\Github\powershell-sdk\Get-AutomoxCrossZoneReport\Get-AutomoxCrossZoneReport.ps1
VERBOSE: 11/22/2024 10:21:16.883 - Available Script Parameter(s) = -OrganizationID:String, -APIKey:String, -ZoneFilterExpression:ScriptBlock, -PolicyTypeList:String[], -DateRange:Int16, -ExecutionMode:String, -Export:SwitchParameter, -ExportDirectory:DirectoryInfo, -LogDirectory:DirectoryInfo, -ContinueOnError:SwitchParameter
VERBOSE: 11/22/2024 10:21:16.884 - Supplied Script Parameter(s) =
VERBOSE: 11/22/2024 10:21:16.885 - Parameter Set Name = __DefaultParameterSetName
VERBOSE: 11/22/2024 10:21:16.886 - The powershell execution policy is currently set to "Undefined" for the "MachinePolicy" scope.
VERBOSE: 11/22/2024 10:21:16.889 - The powershell execution policy is currently set to "Undefined" for the "UserPolicy" scope.
VERBOSE: 11/22/2024 10:21:16.89 - The powershell execution policy is currently set to "Bypass" for the "Process" scope.
VERBOSE: 11/22/2024 10:21:16.89 - The powershell execution policy is currently set to "Undefined" for the "CurrentUser" scope.
VERBOSE: 11/22/2024 10:21:16.891 - The powershell execution policy is currently set to "Bypass" for the "LocalMachine" scope.
VERBOSE: 11/22/2024 10:21:16.893 - There are 0 log file(s) requiring cleanup.
VERBOSE: 11/22/2024 10:21:16.897 - Attempting to import dependency powershell module "ObjectGraphTools" [Version: 0.2.1]. Please Wait...
VERBOSE: 11/22/2024 10:21:16.902 - Module Path: C:\Users\AlphaeusMote\Github\powershell-sdk\Get-AutomoxCrossZoneReport\Modules\ObjectGraphTools\0.2.1\ObjectGraphTools.psd1
VERBOSE: 11/22/2024 10:21:16.962 - Attempting to dot source the functions contained within the dependency script "Get-AutomoxAPIObject.ps1". Please Wait... [Script Path: "C:\Users\AlphaeusMote\Github\powershell-sdk\Get-AutomoxCrossZoneReport\Functions\Get-AutomoxAPIObject.ps1"]
VERBOSE: 11/22/2024 10:21:16.971 - Attempting to dot source the functions contained within the dependency script "Invoke-ScheduledTaskAction.ps1". Please Wait... [Script Path: "C:\Users\AlphaeusMote\Github\powershell-sdk\Get-AutomoxCrossZoneReport\Functions\Invoke-ScheduledTaskAction.ps1"]
VERBOSE: 11/22/2024 10:21:16.978 - Attempting to retrieve the list of Automox zone(s) associated with organization ID 113673. Please Wait...
VERBOSE: 11/22/2024 10:21:17.364 - The Automox zone API request returned 21 result(s).
VERBOSE: 11/22/2024 10:21:17.365 - Attempting to process Automox zone 1 of 21. Please Wait...
VERBOSE: 11/22/2024 10:21:17.366 - Zone Name: CSE_Test Org
VERBOSE: 11/22/2024 10:21:17.367 - Zone ID: 18624
VERBOSE: 11/22/2024 10:21:17.368 - Zone UUID: ccbb0ec4-ebb6-4bd3-85d1-48c78f87a4ec
VERBOSE: 11/22/2024 10:21:17.369 - Zone Device Count: 3
VERBOSE: 11/22/2024 10:21:17.375 - Function 'Get-AutomoxAPIObject' is beginning. Please Wait...
VERBOSE: 11/22/2024 10:21:17.376 - Available Function Parameter(s) = -OrganizationID:String, -APIKey:String, -Endpoint:String, -Method:String, -BaseURI:Uri, -SubURI:Uri, -RequestParameters:String[], -Page:Int32, -Limit:Int32, -PropertyInclusionList:Object[], -PropertyExclusionList:Object[], -RequestAssociatedData:SwitchParameter, -Flatten:SwitchParameter, -Export:SwitchParameter, -ExportFormat:String, -ExportDirectory:DirectoryInfo, -FileName:String, -AppendDate:SwitchParameter, -Encoding:Encoding, -ContinueOnError:SwitchParameter
VERBOSE: 11/22/2024 10:21:17.377 - Supplied Function Parameter(s) = -OrganizationID:String, -APIKey:String, -Endpoint:String, -SubURI:Uri, -RequestParameters:String[], -ContinueOnError:SwitchParameter, -Verbose:SwitchParameter
VERBOSE: 11/22/2024 10:21:17.377 - Execution of Get-AutomoxAPIObject began on Friday, November 22, 2024 @ 10:21:17.375 AM
VERBOSE: 11/22/2024 10:21:17.379 - Attempting to load required assembly 1 of 1. Please Wait...
VERBOSE: 11/22/2024 10:21:17.379 - Assembly Name: Microsoft.PowerShell.Commands.Utility
VERBOSE: 11/22/2024 10:21:17.383 - Attempting to execute API request. Please Wait...
VERBOSE: 11/22/2024 10:21:17.384 - API Request URI: https://policyreport.automox.com/policy-history/policy-runs?org=ccbb0ec4-ebb6-4bd3-85d1-48c78f87a4ec&page=0&limit=100&start_time=2024-08-24T11:59:59Z&end_time=2024-11-22T11:59:59Z&policy_type:in=patch
VERBOSE: 11/22/2024 10:21:17.384 - API Request Escaped URI: https://policyreport.automox.com/policy-history/policy-runs?org=ccbb0ec4-ebb6-4bd3-85d1-48c78f87a4ec&page=0&limit=100&start_time=2024-08-24T11:59:59Z&end_time=2024-11-22T11:59:59Z&policy_type:in=patch
VERBOSE: 11/22/2024 10:21:17.387 - Method: Get
VERBOSE: 11/22/2024 10:21:17.387 - Page: 0
VERBOSE: 11/22/2024 10:21:17.609 - The API request completed in 220 milliseconds
VERBOSE: 11/22/2024 10:21:17.612 - API Request Status Code: 200
VERBOSE: 11/22/2024 10:21:17.613 - API Request Status Description: OK
VERBOSE: 11/22/2024 10:21:17.613 - API Request Record Count: 1
VERBOSE: 11/22/2024 10:21:17.615 - No more API pagination request(s) are required. Exiting loop.
VERBOSE: 11/22/2024 10:21:17.618 - Execution of Get-AutomoxAPIObject ended on Friday, November 22, 2024 @ 10:21:17.618 AM
VERBOSE: 11/22/2024 10:21:17.619 - Function execution took 243 milliseconds
VERBOSE: 11/22/2024 10:21:17.622 - Function 'Get-AutomoxAPIObject' is completed.
VERBOSE: 11/22/2024 10:21:17.623 - The policy execution API request returned 1 result(s).
VERBOSE: 11/22/2024 10:21:17.629 - Attempting to process Automox zone 2 of 21. Please Wait...
VERBOSE: 11/22/2024 10:21:17.63 - Zone Name: zTemplate Zone
VERBOSE: 11/22/2024 10:21:17.63 - Zone ID: 102369
VERBOSE: 11/22/2024 10:21:17.63 - Zone UUID: 7883d392-104e-4957-b849-4aca34c25857
VERBOSE: 11/22/2024 10:21:17.632 - Zone Device Count: 0
VERBOSE: 11/22/2024 10:21:17.635 - Function 'Get-AutomoxAPIObject' is beginning. Please Wait...
VERBOSE: 11/22/2024 10:21:17.636 - Available Function Parameter(s) = -OrganizationID:String, -APIKey:String, -Endpoint:String, -Method:String, -BaseURI:Uri, -SubURI:Uri, -RequestParameters:String[], -Page:Int32, -Limit:Int32, -PropertyInclusionList:Object[], -PropertyExclusionList:Object[], -RequestAssociatedData:SwitchParameter, -Flatten:SwitchParameter, -Export:SwitchParameter, -ExportFormat:String, -ExportDirectory:DirectoryInfo, -FileName:String, -AppendDate:SwitchParameter, -Encoding:Encoding, -ContinueOnError:SwitchParameter
VERBOSE: 11/22/2024 10:21:17.637 - Supplied Function Parameter(s) = -OrganizationID:String, -APIKey:String, -Endpoint:String, -SubURI:Uri, -RequestParameters:String[], -ContinueOnError:SwitchParameter, -Verbose:SwitchParameter
VERBOSE: 11/22/2024 10:21:17.637 - Execution of Get-AutomoxAPIObject began on Friday, November 22, 2024 @ 10:21:17.635 AM
VERBOSE: 11/22/2024 10:21:17.638 - Attempting to load required assembly 1 of 1. Please Wait...
VERBOSE: 11/22/2024 10:21:17.639 - Assembly Name: Microsoft.PowerShell.Commands.Utility
VERBOSE: 11/22/2024 10:21:17.644 - Attempting to execute API request. Please Wait...
VERBOSE: 11/22/2024 10:21:17.645 - API Request URI: https://policyreport.automox.com/policy-history/policy-runs?org=7883d392-104e-4957-b849-4aca34c25857&page=0&limit=100&start_time=2024-08-24T11:59:59Z&end_time=2024-11-22T11:59:59Z&policy_type:in=patch
VERBOSE: 11/22/2024 10:21:17.645 - API Request Escaped URI: https://policyreport.automox.com/policy-history/policy-runs?org=7883d392-104e-4957-b849-4aca34c25857&page=0&limit=100&start_time=2024-08-24T11:59:59Z&end_time=2024-11-22T11:59:59Z&policy_type:in=patch
VERBOSE: 11/22/2024 10:21:17.646 - Method: Get
VERBOSE: 11/22/2024 10:21:17.646 - Page: 0
VERBOSE: 11/22/2024 10:21:17.801 - The API request completed in 154 milliseconds
VERBOSE: 11/22/2024 10:21:17.808 - API Request Status Code: 200
VERBOSE: 11/22/2024 10:21:17.809 - API Request Status Description: OK
VERBOSE: 11/22/2024 10:21:17.811 - API Request Record Count: 1
VERBOSE: 11/22/2024 10:21:17.815 - No more API pagination request(s) are required. Exiting loop.
VERBOSE: 11/22/2024 10:21:17.818 - Execution of Get-AutomoxAPIObject ended on Friday, November 22, 2024 @ 10:21:17.816 AM
VERBOSE: 11/22/2024 10:21:17.818 - Function execution took 181 milliseconds
VERBOSE: 11/22/2024 10:21:17.82 - Function 'Get-AutomoxAPIObject' is completed.
VERBOSE: 11/22/2024 10:21:17.82 - The policy execution API request returned 1 result(s).
VERBOSE: 11/22/2024 10:21:17.823 - Attempting to process Automox zone 3 of 21. Please Wait...
VERBOSE: 11/22/2024 10:21:17.823 - Zone Name: JGuarracino - Test Zone
VERBOSE: 11/22/2024 10:21:17.823 - Zone ID: 104467
VERBOSE: 11/22/2024 10:21:17.824 - Zone UUID: e39c1632-856f-4760-a1b7-2c41970226eb
VERBOSE: 11/22/2024 10:21:17.824 - Zone Device Count: 13
VERBOSE: 11/22/2024 10:21:17.829 - Function 'Get-AutomoxAPIObject' is beginning. Please Wait...
VERBOSE: 11/22/2024 10:21:17.83 - Available Function Parameter(s) = -OrganizationID:String, -APIKey:String, -Endpoint:String, -Method:String, -BaseURI:Uri, -SubURI:Uri, -RequestParameters:String[], -Page:Int32, -Limit:Int32, -PropertyInclusionList:Object[], -PropertyExclusionList:Object[], -RequestAssociatedData:SwitchParameter, -Flatten:SwitchParameter, -Export:SwitchParameter, -ExportFormat:String, -ExportDirectory:DirectoryInfo, -FileName:String, -AppendDate:SwitchParameter, -Encoding:Encoding, -ContinueOnError:SwitchParameter
VERBOSE: 11/22/2024 10:21:17.831 - Supplied Function Parameter(s) = -OrganizationID:String, -APIKey:String, -Endpoint:String, -SubURI:Uri, -RequestParameters:String[], -ContinueOnError:SwitchParameter, -Verbose:SwitchParameter
VERBOSE: 11/22/2024 10:21:17.831 - Execution of Get-AutomoxAPIObject began on Friday, November 22, 2024 @ 10:21:17.829 AM
VERBOSE: 11/22/2024 10:21:17.832 - Attempting to load required assembly 1 of 1. Please Wait...
VERBOSE: 11/22/2024 10:21:17.833 - Assembly Name: Microsoft.PowerShell.Commands.Utility
VERBOSE: 11/22/2024 10:21:17.837 - Attempting to execute API request. Please Wait...
VERBOSE: 11/22/2024 10:21:17.843 - API Request URI: https://policyreport.automox.com/policy-history/policy-runs?org=e39c1632-856f-4760-a1b7-2c41970226eb&page=0&limit=100&start_time=2024-08-24T11:59:59Z&end_time=2024-11-22T11:59:59Z&policy_type:in=patch
VERBOSE: 11/22/2024 10:21:17.843 - API Request Escaped URI: https://policyreport.automox.com/policy-history/policy-runs?org=e39c1632-856f-4760-a1b7-2c41970226eb&page=0&limit=100&start_time=2024-08-24T11:59:59Z&end_time=2024-11-22T11:59:59Z&policy_type:in=patch
VERBOSE: 11/22/2024 10:21:17.844 - Method: Get
VERBOSE: 11/22/2024 10:21:17.844 - Page: 0
VERBOSE: 11/22/2024 10:21:18.016 - The API request completed in 171 milliseconds
VERBOSE: 11/22/2024 10:21:18.023 - API Request Status Code: 200
VERBOSE: 11/22/2024 10:21:18.024 - API Request Status Description: OK
VERBOSE: 11/22/2024 10:21:18.026 - API Request Record Count: 1
VERBOSE: 11/22/2024 10:21:18.027 - More API pagination request(s) are required. Continuing loop.
VERBOSE: 11/22/2024 10:21:18.027 - The API pagination request will be incremented from 0 to 1.
VERBOSE: 11/22/2024 10:21:18.031 - Attempting to execute API request. Please Wait...
VERBOSE: 11/22/2024 10:21:18.032 - API Request URI: https://policyreport.automox.com/policy-history/policy-runs?org=e39c1632-856f-4760-a1b7-2c41970226eb&page=1&limit=100&start_time=2024-08-24T11:59:59Z&end_time=2024-11-22T11:59:59Z&policy_type:in=patch
VERBOSE: 11/22/2024 10:21:18.033 - API Request Escaped URI: https://policyreport.automox.com/policy-history/policy-runs?org=e39c1632-856f-4760-a1b7-2c41970226eb&page=1&limit=100&start_time=2024-08-24T11:59:59Z&end_time=2024-11-22T11:59:59Z&policy_type:in=patch
VERBOSE: 11/22/2024 10:21:18.034 - Method: Get
VERBOSE: 11/22/2024 10:21:18.036 - Page: 1
VERBOSE: 11/22/2024 10:21:18.218 - The API request completed in 181 milliseconds
VERBOSE: 11/22/2024 10:21:18.222 - API Request Status Code: 200
VERBOSE: 11/22/2024 10:21:18.223 - API Request Status Description: OK
VERBOSE: 11/22/2024 10:21:18.225 - API Request Record Count: 1
VERBOSE: 11/22/2024 10:21:18.226 - No more API pagination request(s) are required. Exiting loop.
VERBOSE: 11/22/2024 10:21:18.231 - Execution of Get-AutomoxAPIObject ended on Friday, November 22, 2024 @ 10:21:18.231 AM
VERBOSE: 11/22/2024 10:21:18.232 - Function execution took 402 milliseconds
VERBOSE: 11/22/2024 10:21:18.234 - Function 'Get-AutomoxAPIObject' is completed.
VERBOSE: 11/22/2024 10:21:18.234 - The policy execution API request returned 2 result(s).
VERBOSE: 11/22/2024 10:21:18.239 - Attempting to process Automox zone 4 of 21. Please Wait...
VERBOSE: 11/22/2024 10:21:18.24 - Zone Name: AX DEMO
VERBOSE: 11/22/2024 10:21:18.24 - Zone ID: 105317
VERBOSE: 11/22/2024 10:21:18.24 - Zone UUID: 8895abde-5c39-4f54-a4e9-04ab11a5c9d2
VERBOSE: 11/22/2024 10:21:18.241 - Zone Device Count: 0
VERBOSE: 11/22/2024 10:21:18.244 - Function 'Get-AutomoxAPIObject' is beginning. Please Wait...
VERBOSE: 11/22/2024 10:21:18.245 - Available Function Parameter(s) = -OrganizationID:String, -APIKey:String, -Endpoint:String, -Method:String, -BaseURI:Uri, -SubURI:Uri, -RequestParameters:String[], -Page:Int32, -Limit:Int32, -PropertyInclusionList:Object[], -PropertyExclusionList:Object[], -RequestAssociatedData:SwitchParameter, -Flatten:SwitchParameter, -Export:SwitchParameter, -ExportFormat:String, -ExportDirectory:DirectoryInfo, -FileName:String, -AppendDate:SwitchParameter, -Encoding:Encoding, -ContinueOnError:SwitchParameter
VERBOSE: 11/22/2024 10:21:18.246 - Supplied Function Parameter(s) = -OrganizationID:String, -APIKey:String, -Endpoint:String, -SubURI:Uri, -RequestParameters:String[], -ContinueOnError:SwitchParameter, -Verbose:SwitchParameter
VERBOSE: 11/22/2024 10:21:18.247 - Execution of Get-AutomoxAPIObject began on Friday, November 22, 2024 @ 10:21:18.244 AM
VERBOSE: 11/22/2024 10:21:18.248 - Attempting to load required assembly 1 of 1. Please Wait...
VERBOSE: 11/22/2024 10:21:18.248 - Assembly Name: Microsoft.PowerShell.Commands.Utility
VERBOSE: 11/22/2024 10:21:18.254 - Attempting to execute API request. Please Wait...
VERBOSE: 11/22/2024 10:21:18.254 - API Request URI: https://policyreport.automox.com/policy-history/policy-runs?org=8895abde-5c39-4f54-a4e9-04ab11a5c9d2&page=0&limit=100&start_time=2024-08-24T11:59:59Z&end_time=2024-11-22T11:59:59Z&policy_type:in=patch
VERBOSE: 11/22/2024 10:21:18.255 - API Request Escaped URI: https://policyreport.automox.com/policy-history/policy-runs?org=8895abde-5c39-4f54-a4e9-04ab11a5c9d2&page=0&limit=100&start_time=2024-08-24T11:59:59Z&end_time=2024-11-22T11:59:59Z&policy_type:in=patch
VERBOSE: 11/22/2024 10:21:18.255 - Method: Get
VERBOSE: 11/22/2024 10:21:18.255 - Page: 0
VERBOSE: 11/22/2024 10:21:18.416 - The API request completed in 159 milliseconds
VERBOSE: 11/22/2024 10:21:18.421 - API Request Status Code: 200
VERBOSE: 11/22/2024 10:21:18.422 - API Request Status Description: OK
VERBOSE: 11/22/2024 10:21:18.423 - API Request Record Count: 1
VERBOSE: 11/22/2024 10:21:18.426 - No more API pagination request(s) are required. Exiting loop.
VERBOSE: 11/22/2024 10:21:18.429 - Execution of Get-AutomoxAPIObject ended on Friday, November 22, 2024 @ 10:21:18.429 AM
VERBOSE: 11/22/2024 10:21:18.429 - Function execution took 184 milliseconds
VERBOSE: 11/22/2024 10:21:18.431 - Function 'Get-AutomoxAPIObject' is completed.
VERBOSE: 11/22/2024 10:21:18.432 - The policy execution API request returned 1 result(s).
VERBOSE: 11/22/2024 10:21:18.435 - Attempting to process Automox zone 5 of 21. Please Wait...
VERBOSE: 11/22/2024 10:21:18.436 - Zone Name: Kyle Gregg - Test Zone
VERBOSE: 11/22/2024 10:21:18.436 - Zone ID: 105817
VERBOSE: 11/22/2024 10:21:18.436 - Zone UUID: e9cc4a4a-4923-42ea-8e04-c9094591825e
VERBOSE: 11/22/2024 10:21:18.437 - Zone Device Count: 5
VERBOSE: 11/22/2024 10:21:18.442 - Function 'Get-AutomoxAPIObject' is beginning. Please Wait...
VERBOSE: 11/22/2024 10:21:18.442 - Available Function Parameter(s) = -OrganizationID:String, -APIKey:String, -Endpoint:String, -Method:String, -BaseURI:Uri, -SubURI:Uri, -RequestParameters:String[], -Page:Int32, -Limit:Int32, -PropertyInclusionList:Object[], -PropertyExclusionList:Object[], -RequestAssociatedData:SwitchParameter, -Flatten:SwitchParameter, -Export:SwitchParameter, -ExportFormat:String, -ExportDirectory:DirectoryInfo, -FileName:String, -AppendDate:SwitchParameter, -Encoding:Encoding, -ContinueOnError:SwitchParameter
VERBOSE: 11/22/2024 10:21:18.446 - Supplied Function Parameter(s) = -OrganizationID:String, -APIKey:String, -Endpoint:String, -SubURI:Uri, -RequestParameters:String[], -ContinueOnError:SwitchParameter, -Verbose:SwitchParameter
VERBOSE: 11/22/2024 10:21:18.446 - Execution of Get-AutomoxAPIObject began on Friday, November 22, 2024 @ 10:21:18.442 AM
VERBOSE: 11/22/2024 10:21:18.447 - Attempting to load required assembly 1 of 1. Please Wait...
VERBOSE: 11/22/2024 10:21:18.448 - Assembly Name: Microsoft.PowerShell.Commands.Utility
VERBOSE: 11/22/2024 10:21:18.452 - Attempting to execute API request. Please Wait...
VERBOSE: 11/22/2024 10:21:18.452 - API Request URI: https://policyreport.automox.com/policy-history/policy-runs?org=e9cc4a4a-4923-42ea-8e04-c9094591825e&page=0&limit=100&start_time=2024-08-24T11:59:59Z&end_time=2024-11-22T11:59:59Z&policy_type:in=patch
VERBOSE: 11/22/2024 10:21:18.453 - API Request Escaped URI: https://policyreport.automox.com/policy-history/policy-runs?org=e9cc4a4a-4923-42ea-8e04-c9094591825e&page=0&limit=100&start_time=2024-08-24T11:59:59Z&end_time=2024-11-22T11:59:59Z&policy_type:in=patch
VERBOSE: 11/22/2024 10:21:18.453 - Method: Get
VERBOSE: 11/22/2024 10:21:18.454 - Page: 0
VERBOSE: 11/22/2024 10:21:18.685 - The API request completed in 231 milliseconds
VERBOSE: 11/22/2024 10:21:18.689 - API Request Status Code: 200
VERBOSE: 11/22/2024 10:21:18.689 - API Request Status Description: OK
VERBOSE: 11/22/2024 10:21:18.691 - API Request Record Count: 1
VERBOSE: 11/22/2024 10:21:18.691 - More API pagination request(s) are required. Continuing loop.
VERBOSE: 11/22/2024 10:21:18.692 - The API pagination request will be incremented from 0 to 1.
VERBOSE: 11/22/2024 10:21:18.696 - Attempting to execute API request. Please Wait...
VERBOSE: 11/22/2024 10:21:18.696 - API Request URI: https://policyreport.automox.com/policy-history/policy-runs?org=e9cc4a4a-4923-42ea-8e04-c9094591825e&page=1&limit=100&start_time=2024-08-24T11:59:59Z&end_time=2024-11-22T11:59:59Z&policy_type:in=patch
VERBOSE: 11/22/2024 10:21:18.697 - API Request Escaped URI: https://policyreport.automox.com/policy-history/policy-runs?org=e9cc4a4a-4923-42ea-8e04-c9094591825e&page=1&limit=100&start_time=2024-08-24T11:59:59Z&end_time=2024-11-22T11:59:59Z&policy_type:in=patch
VERBOSE: 11/22/2024 10:21:18.699 - Method: Get
VERBOSE: 11/22/2024 10:21:18.7 - Page: 1
VERBOSE: 11/22/2024 10:21:18.881 - The API request completed in 181 milliseconds
VERBOSE: 11/22/2024 10:21:18.885 - API Request Status Code: 200
VERBOSE: 11/22/2024 10:21:18.886 - API Request Status Description: OK
VERBOSE: 11/22/2024 10:21:18.886 - API Request Record Count: 1
VERBOSE: 11/22/2024 10:21:18.887 - No more API pagination request(s) are required. Exiting loop.
VERBOSE: 11/22/2024 10:21:18.889 - Execution of Get-AutomoxAPIObject ended on Friday, November 22, 2024 @ 10:21:18.889 AM
VERBOSE: 11/22/2024 10:21:18.89 - Function execution took 447 milliseconds
VERBOSE: 11/22/2024 10:21:18.891 - Function 'Get-AutomoxAPIObject' is completed.
VERBOSE: 11/22/2024 10:21:18.892 - The policy execution API request returned 2 result(s).
VERBOSE: 11/22/2024 10:21:18.899 - Attempting to process Automox zone 6 of 21. Please Wait...
VERBOSE: 11/22/2024 10:21:18.9 - Zone Name: Ben Glass - Test Zone
VERBOSE: 11/22/2024 10:21:18.9 - Zone ID: 106094
VERBOSE: 11/22/2024 10:21:18.901 - Zone UUID: f3d11d66-ae63-4c65-a9de-177f0e75dcc7
VERBOSE: 11/22/2024 10:21:18.901 - Zone Device Count: 7
VERBOSE: 11/22/2024 10:21:18.907 - Function 'Get-AutomoxAPIObject' is beginning. Please Wait...
VERBOSE: 11/22/2024 10:21:18.908 - Available Function Parameter(s) = -OrganizationID:String, -APIKey:String, -Endpoint:String, -Method:String, -BaseURI:Uri, -SubURI:Uri, -RequestParameters:String[], -Page:Int32, -Limit:Int32, -PropertyInclusionList:Object[], -PropertyExclusionList:Object[], -RequestAssociatedData:SwitchParameter, -Flatten:SwitchParameter, -Export:SwitchParameter, -ExportFormat:String, -ExportDirectory:DirectoryInfo, -FileName:String, -AppendDate:SwitchParameter, -Encoding:Encoding, -ContinueOnError:SwitchParameter
VERBOSE: 11/22/2024 10:21:18.909 - Supplied Function Parameter(s) = -OrganizationID:String, -APIKey:String, -Endpoint:String, -SubURI:Uri, -RequestParameters:String[], -ContinueOnError:SwitchParameter, -Verbose:SwitchParameter
VERBOSE: 11/22/2024 10:21:18.909 - Execution of Get-AutomoxAPIObject began on Friday, November 22, 2024 @ 10:21:18.907 AM
VERBOSE: 11/22/2024 10:21:18.91 - Attempting to load required assembly 1 of 1. Please Wait...
VERBOSE: 11/22/2024 10:21:18.911 - Assembly Name: Microsoft.PowerShell.Commands.Utility
VERBOSE: 11/22/2024 10:21:18.916 - Attempting to execute API request. Please Wait...
VERBOSE: 11/22/2024 10:21:18.916 - API Request URI: https://policyreport.automox.com/policy-history/policy-runs?org=f3d11d66-ae63-4c65-a9de-177f0e75dcc7&page=0&limit=100&start_time=2024-08-24T11:59:59Z&end_time=2024-11-22T11:59:59Z&policy_type:in=patch
VERBOSE: 11/22/2024 10:21:18.917 - API Request Escaped URI: https://policyreport.automox.com/policy-history/policy-runs?org=f3d11d66-ae63-4c65-a9de-177f0e75dcc7&page=0&limit=100&start_time=2024-08-24T11:59:59Z&end_time=2024-11-22T11:59:59Z&policy_type:in=patch
VERBOSE: 11/22/2024 10:21:18.917 - Method: Get
VERBOSE: 11/22/2024 10:21:18.917 - Page: 0
VERBOSE: 11/22/2024 10:21:19.399 - The API request completed in 481 milliseconds
VERBOSE: 11/22/2024 10:21:19.404 - API Request Status Code: 200
VERBOSE: 11/22/2024 10:21:19.405 - API Request Status Description: OK
VERBOSE: 11/22/2024 10:21:19.458 - API Request Record Count: 1
VERBOSE: 11/22/2024 10:21:19.461 - More API pagination request(s) are required. Continuing loop.
VERBOSE: 11/22/2024 10:21:19.461 - The API pagination request will be incremented from 0 to 1.
VERBOSE: 11/22/2024 10:21:19.465 - Attempting to execute API request. Please Wait...
VERBOSE: 11/22/2024 10:21:19.465 - API Request URI: https://policyreport.automox.com/policy-history/policy-runs?org=f3d11d66-ae63-4c65-a9de-177f0e75dcc7&page=1&limit=100&start_time=2024-08-24T11:59:59Z&end_time=2024-11-22T11:59:59Z&policy_type:in=patch
VERBOSE: 11/22/2024 10:21:19.466 - API Request Escaped URI: https://policyreport.automox.com/policy-history/policy-runs?org=f3d11d66-ae63-4c65-a9de-177f0e75dcc7&page=1&limit=100&start_time=2024-08-24T11:59:59Z&end_time=2024-11-22T11:59:59Z&policy_type:in=patch
VERBOSE: 11/22/2024 10:21:19.466 - Method: Get
VERBOSE: 11/22/2024 10:21:19.467 - Page: 1
VERBOSE: 11/22/2024 10:21:19.736 - The API request completed in 268 milliseconds
VERBOSE: 11/22/2024 10:21:19.743 - API Request Status Code: 200
VERBOSE: 11/22/2024 10:21:19.744 - API Request Status Description: OK
VERBOSE: 11/22/2024 10:21:19.75 - API Request Record Count: 1
VERBOSE: 11/22/2024 10:21:19.751 - More API pagination request(s) are required. Continuing loop.
VERBOSE: 11/22/2024 10:21:19.751 - The API pagination request will be incremented from 1 to 2.
VERBOSE: 11/22/2024 10:21:19.758 - Attempting to execute API request. Please Wait...
VERBOSE: 11/22/2024 10:21:19.759 - API Request URI: https://policyreport.automox.com/policy-history/policy-runs?org=f3d11d66-ae63-4c65-a9de-177f0e75dcc7&page=2&limit=100&start_time=2024-08-24T11:59:59Z&end_time=2024-11-22T11:59:59Z&policy_type:in=patch
VERBOSE: 11/22/2024 10:21:19.759 - API Request Escaped URI: https://policyreport.automox.com/policy-history/policy-runs?org=f3d11d66-ae63-4c65-a9de-177f0e75dcc7&page=2&limit=100&start_time=2024-08-24T11:59:59Z&end_time=2024-11-22T11:59:59Z&policy_type:in=patch
VERBOSE: 11/22/2024 10:21:19.76 - Method: Get
VERBOSE: 11/22/2024 10:21:19.761 - Page: 2
VERBOSE: 11/22/2024 10:21:20.189 - The API request completed in 427 milliseconds
VERBOSE: 11/22/2024 10:21:20.195 - API Request Status Code: 200
VERBOSE: 11/22/2024 10:21:20.197 - API Request Status Description: OK
VERBOSE: 11/22/2024 10:21:20.207 - API Request Record Count: 1
VERBOSE: 11/22/2024 10:21:20.207 - More API pagination request(s) are required. Continuing loop.
VERBOSE: 11/22/2024 10:21:20.208 - The API pagination request will be incremented from 2 to 3.
VERBOSE: 11/22/2024 10:21:20.211 - Attempting to execute API request. Please Wait...
VERBOSE: 11/22/2024 10:21:20.211 - API Request URI: https://policyreport.automox.com/policy-history/policy-runs?org=f3d11d66-ae63-4c65-a9de-177f0e75dcc7&page=3&limit=100&start_time=2024-08-24T11:59:59Z&end_time=2024-11-22T11:59:59Z&policy_type:in=patch
VERBOSE: 11/22/2024 10:21:20.212 - API Request Escaped URI: https://policyreport.automox.com/policy-history/policy-runs?org=f3d11d66-ae63-4c65-a9de-177f0e75dcc7&page=3&limit=100&start_time=2024-08-24T11:59:59Z&end_time=2024-11-22T11:59:59Z&policy_type:in=patch
VERBOSE: 11/22/2024 10:21:20.212 - Method: Get
VERBOSE: 11/22/2024 10:21:20.213 - Page: 3
VERBOSE: 11/22/2024 10:21:20.483 - The API request completed in 270 milliseconds
VERBOSE: 11/22/2024 10:21:20.491 - API Request Status Code: 200
VERBOSE: 11/22/2024 10:21:20.492 - API Request Status Description: OK
VERBOSE: 11/22/2024 10:21:20.498 - API Request Record Count: 1
VERBOSE: 11/22/2024 10:21:20.499 - More API pagination request(s) are required. Continuing loop.
VERBOSE: 11/22/2024 10:21:20.5 - The API pagination request will be incremented from 3 to 4.
VERBOSE: 11/22/2024 10:21:20.504 - Attempting to execute API request. Please Wait...
VERBOSE: 11/22/2024 10:21:20.504 - API Request URI: https://policyreport.automox.com/policy-history/policy-runs?org=f3d11d66-ae63-4c65-a9de-177f0e75dcc7&page=4&limit=100&start_time=2024-08-24T11:59:59Z&end_time=2024-11-22T11:59:59Z&policy_type:in=patch
VERBOSE: 11/22/2024 10:21:20.504 - API Request Escaped URI: https://policyreport.automox.com/policy-history/policy-runs?org=f3d11d66-ae63-4c65-a9de-177f0e75dcc7&page=4&limit=100&start_time=2024-08-24T11:59:59Z&end_time=2024-11-22T11:59:59Z&policy_type:in=patch
VERBOSE: 11/22/2024 10:21:20.505 - Method: Get
VERBOSE: 11/22/2024 10:21:20.505 - Page: 4
VERBOSE: 11/22/2024 10:21:21.293 - The API request completed in 787 milliseconds
VERBOSE: 11/22/2024 10:21:21.297 - API Request Status Code: 200
VERBOSE: 11/22/2024 10:21:21.299 - API Request Status Description: OK
VERBOSE: 11/22/2024 10:21:21.306 - API Request Record Count: 1
VERBOSE: 11/22/2024 10:21:21.306 - More API pagination request(s) are required. Continuing loop.
VERBOSE: 11/22/2024 10:21:21.307 - The API pagination request will be incremented from 4 to 5.
VERBOSE: 11/22/2024 10:21:21.309 - Attempting to execute API request. Please Wait...
VERBOSE: 11/22/2024 10:21:21.31 - API Request URI: https://policyreport.automox.com/policy-history/policy-runs?org=f3d11d66-ae63-4c65-a9de-177f0e75dcc7&page=5&limit=100&start_time=2024-08-24T11:59:59Z&end_time=2024-11-22T11:59:59Z&policy_type:in=patch
VERBOSE: 11/22/2024 10:21:21.311 - API Request Escaped URI: https://policyreport.automox.com/policy-history/policy-runs?org=f3d11d66-ae63-4c65-a9de-177f0e75dcc7&page=5&limit=100&start_time=2024-08-24T11:59:59Z&end_time=2024-11-22T11:59:59Z&policy_type:in=patch
VERBOSE: 11/22/2024 10:21:21.311 - Method: Get
VERBOSE: 11/22/2024 10:21:21.312 - Page: 5
VERBOSE: 11/22/2024 10:21:21.574 - The API request completed in 261 milliseconds
VERBOSE: 11/22/2024 10:21:21.579 - API Request Status Code: 200
VERBOSE: 11/22/2024 10:21:21.58 - API Request Status Description: OK
VERBOSE: 11/22/2024 10:21:21.583 - API Request Record Count: 1
VERBOSE: 11/22/2024 10:21:21.584 - More API pagination request(s) are required. Continuing loop.
VERBOSE: 11/22/2024 10:21:21.584 - The API pagination request will be incremented from 5 to 6.
VERBOSE: 11/22/2024 10:21:21.589 - Attempting to execute API request. Please Wait...
VERBOSE: 11/22/2024 10:21:21.59 - API Request URI: https://policyreport.automox.com/policy-history/policy-runs?org=f3d11d66-ae63-4c65-a9de-177f0e75dcc7&page=6&limit=100&start_time=2024-08-24T11:59:59Z&end_time=2024-11-22T11:59:59Z&policy_type:in=patch
VERBOSE: 11/22/2024 10:21:21.59 - API Request Escaped URI: https://policyreport.automox.com/policy-history/policy-runs?org=f3d11d66-ae63-4c65-a9de-177f0e75dcc7&page=6&limit=100&start_time=2024-08-24T11:59:59Z&end_time=2024-11-22T11:59:59Z&policy_type:in=patch
VERBOSE: 11/22/2024 10:21:21.591 - Method: Get
VERBOSE: 11/22/2024 10:21:21.591 - Page: 6
VERBOSE: 11/22/2024 10:21:21.853 - The API request completed in 261 milliseconds
VERBOSE: 11/22/2024 10:21:21.857 - API Request Status Code: 200
VERBOSE: 11/22/2024 10:21:21.858 - API Request Status Description: OK
VERBOSE: 11/22/2024 10:21:21.86 - API Request Record Count: 1
VERBOSE: 11/22/2024 10:21:21.86 - More API pagination request(s) are required. Continuing loop.
VERBOSE: 11/22/2024 10:21:21.862 - The API pagination request will be incremented from 6 to 7.
VERBOSE: 11/22/2024 10:21:21.865 - Attempting to execute API request. Please Wait...
VERBOSE: 11/22/2024 10:21:21.865 - API Request URI: https://policyreport.automox.com/policy-history/policy-runs?org=f3d11d66-ae63-4c65-a9de-177f0e75dcc7&page=7&limit=100&start_time=2024-08-24T11:59:59Z&end_time=2024-11-22T11:59:59Z&policy_type:in=patch
VERBOSE: 11/22/2024 10:21:21.866 - API Request Escaped URI: https://policyreport.automox.com/policy-history/policy-runs?org=f3d11d66-ae63-4c65-a9de-177f0e75dcc7&page=7&limit=100&start_time=2024-08-24T11:59:59Z&end_time=2024-11-22T11:59:59Z&policy_type:in=patch
VERBOSE: 11/22/2024 10:21:21.866 - Method: Get
VERBOSE: 11/22/2024 10:21:21.867 - Page: 7
VERBOSE: 11/22/2024 10:21:22.052 - The API request completed in 184 milliseconds
VERBOSE: 11/22/2024 10:21:22.058 - API Request Status Code: 200
VERBOSE: 11/22/2024 10:21:22.059 - API Request Status Description: OK
VERBOSE: 11/22/2024 10:21:22.06 - API Request Record Count: 1
VERBOSE: 11/22/2024 10:21:22.061 - No more API pagination request(s) are required. Exiting loop.
VERBOSE: 11/22/2024 10:21:22.063 - Execution of Get-AutomoxAPIObject ended on Friday, November 22, 2024 @ 10:21:22.063 AM
VERBOSE: 11/22/2024 10:21:22.064 - Function execution took 3 seconds, and 156 milliseconds
VERBOSE: 11/22/2024 10:21:22.066 - Function 'Get-AutomoxAPIObject' is completed.
VERBOSE: 11/22/2024 10:21:22.066 - The policy execution API request returned 8 result(s).
VERBOSE: 11/22/2024 10:21:22.147 - Attempting to process Automox zone 7 of 21. Please Wait...
VERBOSE: 11/22/2024 10:21:22.148 - Zone Name: Worklet Solutions Engineering
VERBOSE: 11/22/2024 10:21:22.148 - Zone ID: 106556
VERBOSE: 11/22/2024 10:21:22.149 - Zone UUID: 81574fa6-6fc3-481d-818d-b9489af2fede
VERBOSE: 11/22/2024 10:21:22.149 - Zone Device Count: 5
VERBOSE: 11/22/2024 10:21:22.154 - Function 'Get-AutomoxAPIObject' is beginning. Please Wait...
VERBOSE: 11/22/2024 10:21:22.157 - Available Function Parameter(s) = -OrganizationID:String, -APIKey:String, -Endpoint:String, -Method:String, -BaseURI:Uri, -SubURI:Uri, -RequestParameters:String[], -Page:Int32, -Limit:Int32, -PropertyInclusionList:Object[], -PropertyExclusionList:Object[], -RequestAssociatedData:SwitchParameter, -Flatten:SwitchParameter, -Export:SwitchParameter, -ExportFormat:String, -ExportDirectory:DirectoryInfo, -FileName:String, -AppendDate:SwitchParameter, -Encoding:Encoding, -ContinueOnError:SwitchParameter
VERBOSE: 11/22/2024 10:21:22.157 - Supplied Function Parameter(s) = -OrganizationID:String, -APIKey:String, -Endpoint:String, -SubURI:Uri, -RequestParameters:String[], -ContinueOnError:SwitchParameter, -Verbose:SwitchParameter
VERBOSE: 11/22/2024 10:21:22.158 - Execution of Get-AutomoxAPIObject began on Friday, November 22, 2024 @ 10:21:22.154 AM
VERBOSE: 11/22/2024 10:21:22.159 - Attempting to load required assembly 1 of 1. Please Wait...
VERBOSE: 11/22/2024 10:21:22.159 - Assembly Name: Microsoft.PowerShell.Commands.Utility
VERBOSE: 11/22/2024 10:21:22.164 - Attempting to execute API request. Please Wait...
VERBOSE: 11/22/2024 10:21:22.164 - API Request URI: https://policyreport.automox.com/policy-history/policy-runs?org=81574fa6-6fc3-481d-818d-b9489af2fede&page=0&limit=100&start_time=2024-08-24T11:59:59Z&end_time=2024-11-22T11:59:59Z&policy_type:in=patch
VERBOSE: 11/22/2024 10:21:22.165 - API Request Escaped URI: https://policyreport.automox.com/policy-history/policy-runs?org=81574fa6-6fc3-481d-818d-b9489af2fede&page=0&limit=100&start_time=2024-08-24T11:59:59Z&end_time=2024-11-22T11:59:59Z&policy_type:in=patch
VERBOSE: 11/22/2024 10:21:22.165 - Method: Get
VERBOSE: 11/22/2024 10:21:22.166 - Page: 0
VERBOSE: 11/22/2024 10:21:22.942 - The API request completed in 775 milliseconds
VERBOSE: 11/22/2024 10:21:22.946 - API Request Status Code: 200
VERBOSE: 11/22/2024 10:21:22.948 - API Request Status Description: OK
VERBOSE: 11/22/2024 10:21:22.954 - API Request Record Count: 1
VERBOSE: 11/22/2024 10:21:22.955 - More API pagination request(s) are required. Continuing loop.
VERBOSE: 11/22/2024 10:21:22.955 - The API pagination request will be incremented from 0 to 1.
VERBOSE: 11/22/2024 10:21:22.958 - Attempting to execute API request. Please Wait...
VERBOSE: 11/22/2024 10:21:22.959 - API Request URI: https://policyreport.automox.com/policy-history/policy-runs?org=81574fa6-6fc3-481d-818d-b9489af2fede&page=1&limit=100&start_time=2024-08-24T11:59:59Z&end_time=2024-11-22T11:59:59Z&policy_type:in=patch
VERBOSE: 11/22/2024 10:21:22.959 - API Request Escaped URI: https://policyreport.automox.com/policy-history/policy-runs?org=81574fa6-6fc3-481d-818d-b9489af2fede&page=1&limit=100&start_time=2024-08-24T11:59:59Z&end_time=2024-11-22T11:59:59Z&policy_type:in=patch
VERBOSE: 11/22/2024 10:21:22.962 - Method: Get
VERBOSE: 11/22/2024 10:21:22.965 - Page: 1
VERBOSE: 11/22/2024 10:21:23.283 - The API request completed in 316 milliseconds
VERBOSE: 11/22/2024 10:21:23.286 - API Request Status Code: 200
VERBOSE: 11/22/2024 10:21:23.287 - API Request Status Description: OK
VERBOSE: 11/22/2024 10:21:23.289 - API Request Record Count: 1
VERBOSE: 11/22/2024 10:21:23.29 - More API pagination request(s) are required. Continuing loop.
VERBOSE: 11/22/2024 10:21:23.29 - The API pagination request will be incremented from 1 to 2.
VERBOSE: 11/22/2024 10:21:23.297 - Attempting to execute API request. Please Wait...
VERBOSE: 11/22/2024 10:21:23.298 - API Request URI: https://policyreport.automox.com/policy-history/policy-runs?org=81574fa6-6fc3-481d-818d-b9489af2fede&page=2&limit=100&start_time=2024-08-24T11:59:59Z&end_time=2024-11-22T11:59:59Z&policy_type:in=patch
VERBOSE: 11/22/2024 10:21:23.3 - API Request Escaped URI: https://policyreport.automox.com/policy-history/policy-runs?org=81574fa6-6fc3-481d-818d-b9489af2fede&page=2&limit=100&start_time=2024-08-24T11:59:59Z&end_time=2024-11-22T11:59:59Z&policy_type:in=patch
VERBOSE: 11/22/2024 10:21:23.3 - Method: Get
VERBOSE: 11/22/2024 10:21:23.301 - Page: 2
VERBOSE: 11/22/2024 10:21:23.928 - The API request completed in 626 milliseconds
VERBOSE: 11/22/2024 10:21:23.935 - API Request Status Code: 200
VERBOSE: 11/22/2024 10:21:23.935 - API Request Status Description: OK
VERBOSE: 11/22/2024 10:21:23.936 - API Request Record Count: 1
VERBOSE: 11/22/2024 10:21:23.937 - No more API pagination request(s) are required. Exiting loop.
VERBOSE: 11/22/2024 10:21:23.938 - Execution of Get-AutomoxAPIObject ended on Friday, November 22, 2024 @ 10:21:23.938 AM
VERBOSE: 11/22/2024 10:21:23.939 - Function execution took 1 second, and 783 milliseconds
VERBOSE: 11/22/2024 10:21:23.941 - Function 'Get-AutomoxAPIObject' is completed.
VERBOSE: 11/22/2024 10:21:23.941 - The policy execution API request returned 3 result(s).
VERBOSE: 11/22/2024 10:21:23.961 - Attempting to process Automox zone 8 of 21. Please Wait...
VERBOSE: 11/22/2024 10:21:23.961 - Zone Name: JMaldonado - Test Zone
VERBOSE: 11/22/2024 10:21:23.962 - Zone ID: 106983
VERBOSE: 11/22/2024 10:21:23.963 - Zone UUID: 09f0fc99-422e-4bc6-9544-ed4edb0498aa
VERBOSE: 11/22/2024 10:21:23.963 - Zone Device Count: 1
VERBOSE: 11/22/2024 10:21:23.969 - Function 'Get-AutomoxAPIObject' is beginning. Please Wait...
VERBOSE: 11/22/2024 10:21:23.97 - Available Function Parameter(s) = -OrganizationID:String, -APIKey:String, -Endpoint:String, -Method:String, -BaseURI:Uri, -SubURI:Uri, -RequestParameters:String[], -Page:Int32, -Limit:Int32, -PropertyInclusionList:Object[], -PropertyExclusionList:Object[], -RequestAssociatedData:SwitchParameter, -Flatten:SwitchParameter, -Export:SwitchParameter, -ExportFormat:String, -ExportDirectory:DirectoryInfo, -FileName:String, -AppendDate:SwitchParameter, -Encoding:Encoding, -ContinueOnError:SwitchParameter
VERBOSE: 11/22/2024 10:21:23.971 - Supplied Function Parameter(s) = -OrganizationID:String, -APIKey:String, -Endpoint:String, -SubURI:Uri, -RequestParameters:String[], -ContinueOnError:SwitchParameter, -Verbose:SwitchParameter
VERBOSE: 11/22/2024 10:21:23.972 - Execution of Get-AutomoxAPIObject began on Friday, November 22, 2024 @ 10:21:23.969 AM
VERBOSE: 11/22/2024 10:21:23.975 - Attempting to load required assembly 1 of 1. Please Wait...
VERBOSE: 11/22/2024 10:21:23.981 - Assembly Name: Microsoft.PowerShell.Commands.Utility
VERBOSE: 11/22/2024 10:21:23.987 - Attempting to execute API request. Please Wait...
VERBOSE: 11/22/2024 10:21:23.987 - API Request URI: https://policyreport.automox.com/policy-history/policy-runs?org=09f0fc99-422e-4bc6-9544-ed4edb0498aa&page=0&limit=100&start_time=2024-08-24T11:59:59Z&end_time=2024-11-22T11:59:59Z&policy_type:in=patch
VERBOSE: 11/22/2024 10:21:23.988 - API Request Escaped URI: https://policyreport.automox.com/policy-history/policy-runs?org=09f0fc99-422e-4bc6-9544-ed4edb0498aa&page=0&limit=100&start_time=2024-08-24T11:59:59Z&end_time=2024-11-22T11:59:59Z&policy_type:in=patch
VERBOSE: 11/22/2024 10:21:23.988 - Method: Get
VERBOSE: 11/22/2024 10:21:23.989 - Page: 0
VERBOSE: 11/22/2024 10:21:24.147 - The API request completed in 158 milliseconds
VERBOSE: 11/22/2024 10:21:24.149 - API Request Status Code: 200
VERBOSE: 11/22/2024 10:21:24.15 - API Request Status Description: OK
VERBOSE: 11/22/2024 10:21:24.15 - API Request Record Count: 1
VERBOSE: 11/22/2024 10:21:24.151 - No more API pagination request(s) are required. Exiting loop.
VERBOSE: 11/22/2024 10:21:24.153 - Execution of Get-AutomoxAPIObject ended on Friday, November 22, 2024 @ 10:21:24.152 AM
VERBOSE: 11/22/2024 10:21:24.153 - Function execution took 182 milliseconds
VERBOSE: 11/22/2024 10:21:24.155 - Function 'Get-AutomoxAPIObject' is completed.
VERBOSE: 11/22/2024 10:21:24.155 - The policy execution API request returned 1 result(s).
VERBOSE: 11/22/2024 10:21:24.158 - Attempting to process Automox zone 9 of 21. Please Wait...
VERBOSE: 11/22/2024 10:21:24.158 - Zone Name: AMaxwell - Demo Zone
VERBOSE: 11/22/2024 10:21:24.16 - Zone ID: 107119
VERBOSE: 11/22/2024 10:21:24.16 - Zone UUID: c544894c-5fe1-438d-8e8f-2bf8bd28c29e
VERBOSE: 11/22/2024 10:21:24.162 - Zone Device Count: 2
VERBOSE: 11/22/2024 10:21:24.168 - Function 'Get-AutomoxAPIObject' is beginning. Please Wait...
VERBOSE: 11/22/2024 10:21:24.169 - Available Function Parameter(s) = -OrganizationID:String, -APIKey:String, -Endpoint:String, -Method:String, -BaseURI:Uri, -SubURI:Uri, -RequestParameters:String[], -Page:Int32, -Limit:Int32, -PropertyInclusionList:Object[], -PropertyExclusionList:Object[], -RequestAssociatedData:SwitchParameter, -Flatten:SwitchParameter, -Export:SwitchParameter, -ExportFormat:String, -ExportDirectory:DirectoryInfo, -FileName:String, -AppendDate:SwitchParameter, -Encoding:Encoding, -ContinueOnError:SwitchParameter
VERBOSE: 11/22/2024 10:21:24.171 - Supplied Function Parameter(s) = -OrganizationID:String, -APIKey:String, -Endpoint:String, -SubURI:Uri, -RequestParameters:String[], -ContinueOnError:SwitchParameter, -Verbose:SwitchParameter
VERBOSE: 11/22/2024 10:21:24.171 - Execution of Get-AutomoxAPIObject began on Friday, November 22, 2024 @ 10:21:24.167 AM
VERBOSE: 11/22/2024 10:21:24.173 - Attempting to load required assembly 1 of 1. Please Wait...
VERBOSE: 11/22/2024 10:21:24.173 - Assembly Name: Microsoft.PowerShell.Commands.Utility
VERBOSE: 11/22/2024 10:21:24.181 - Attempting to execute API request. Please Wait...
VERBOSE: 11/22/2024 10:21:24.181 - API Request URI: https://policyreport.automox.com/policy-history/policy-runs?org=c544894c-5fe1-438d-8e8f-2bf8bd28c29e&page=0&limit=100&start_time=2024-08-24T11:59:59Z&end_time=2024-11-22T11:59:59Z&policy_type:in=patch
VERBOSE: 11/22/2024 10:21:24.182 - API Request Escaped URI: https://policyreport.automox.com/policy-history/policy-runs?org=c544894c-5fe1-438d-8e8f-2bf8bd28c29e&page=0&limit=100&start_time=2024-08-24T11:59:59Z&end_time=2024-11-22T11:59:59Z&policy_type:in=patch
VERBOSE: 11/22/2024 10:21:24.183 - Method: Get
VERBOSE: 11/22/2024 10:21:24.183 - Page: 0
VERBOSE: 11/22/2024 10:21:24.342 - The API request completed in 158 milliseconds
VERBOSE: 11/22/2024 10:21:24.346 - API Request Status Code: 200
VERBOSE: 11/22/2024 10:21:24.347 - API Request Status Description: OK
VERBOSE: 11/22/2024 10:21:24.349 - API Request Record Count: 1
VERBOSE: 11/22/2024 10:21:24.356 - No more API pagination request(s) are required. Exiting loop.
VERBOSE: 11/22/2024 10:21:24.359 - Execution of Get-AutomoxAPIObject ended on Friday, November 22, 2024 @ 10:21:24.359 AM
VERBOSE: 11/22/2024 10:21:24.361 - Function execution took 192 milliseconds
VERBOSE: 11/22/2024 10:21:24.364 - Function 'Get-AutomoxAPIObject' is completed.
VERBOSE: 11/22/2024 10:21:24.365 - The policy execution API request returned 1 result(s).
VERBOSE: 11/22/2024 10:21:24.369 - Attempting to process Automox zone 10 of 21. Please Wait...
VERBOSE: 11/22/2024 10:21:24.369 - Zone Name: WSE
VERBOSE: 11/22/2024 10:21:24.37 - Zone ID: 110658
VERBOSE: 11/22/2024 10:21:24.37 - Zone UUID: 42829fbb-b5cf-4c0c-96de-ea13dea78603
VERBOSE: 11/22/2024 10:21:24.371 - Zone Device Count: 3
VERBOSE: 11/22/2024 10:21:24.377 - Function 'Get-AutomoxAPIObject' is beginning. Please Wait...
VERBOSE: 11/22/2024 10:21:24.379 - Available Function Parameter(s) = -OrganizationID:String, -APIKey:String, -Endpoint:String, -Method:String, -BaseURI:Uri, -SubURI:Uri, -RequestParameters:String[], -Page:Int32, -Limit:Int32, -PropertyInclusionList:Object[], -PropertyExclusionList:Object[], -RequestAssociatedData:SwitchParameter, -Flatten:SwitchParameter, -Export:SwitchParameter, -ExportFormat:String, -ExportDirectory:DirectoryInfo, -FileName:String, -AppendDate:SwitchParameter, -Encoding:Encoding, -ContinueOnError:SwitchParameter
VERBOSE: 11/22/2024 10:21:24.38 - Supplied Function Parameter(s) = -OrganizationID:String, -APIKey:String, -Endpoint:String, -SubURI:Uri, -RequestParameters:String[], -ContinueOnError:SwitchParameter, -Verbose:SwitchParameter
VERBOSE: 11/22/2024 10:21:24.38 - Execution of Get-AutomoxAPIObject began on Friday, November 22, 2024 @ 10:21:24.377 AM
VERBOSE: 11/22/2024 10:21:24.382 - Attempting to load required assembly 1 of 1. Please Wait...
VERBOSE: 11/22/2024 10:21:24.385 - Assembly Name: Microsoft.PowerShell.Commands.Utility
VERBOSE: 11/22/2024 10:21:24.401 - Attempting to execute API request. Please Wait...
VERBOSE: 11/22/2024 10:21:24.402 - API Request URI: https://policyreport.automox.com/policy-history/policy-runs?org=42829fbb-b5cf-4c0c-96de-ea13dea78603&page=0&limit=100&start_time=2024-08-24T11:59:59Z&end_time=2024-11-22T11:59:59Z&policy_type:in=patch
VERBOSE: 11/22/2024 10:21:24.405 - API Request Escaped URI: https://policyreport.automox.com/policy-history/policy-runs?org=42829fbb-b5cf-4c0c-96de-ea13dea78603&page=0&limit=100&start_time=2024-08-24T11:59:59Z&end_time=2024-11-22T11:59:59Z&policy_type:in=patch
VERBOSE: 11/22/2024 10:21:24.406 - Method: Get
VERBOSE: 11/22/2024 10:21:24.406 - Page: 0
VERBOSE: 11/22/2024 10:21:24.567 - The API request completed in 161 milliseconds
VERBOSE: 11/22/2024 10:21:24.577 - API Request Status Code: 200
VERBOSE: 11/22/2024 10:21:24.578 - API Request Status Description: OK
VERBOSE: 11/22/2024 10:21:24.58 - API Request Record Count: 1
VERBOSE: 11/22/2024 10:21:24.582 - No more API pagination request(s) are required. Exiting loop.
VERBOSE: 11/22/2024 10:21:24.586 - Execution of Get-AutomoxAPIObject ended on Friday, November 22, 2024 @ 10:21:24.586 AM
VERBOSE: 11/22/2024 10:21:24.588 - Function execution took 208 milliseconds
VERBOSE: 11/22/2024 10:21:24.596 - Function 'Get-AutomoxAPIObject' is completed.
VERBOSE: 11/22/2024 10:21:24.596 - The policy execution API request returned 1 result(s).
VERBOSE: 11/22/2024 10:21:24.602 - Attempting to process Automox zone 11 of 21. Please Wait...
VERBOSE: 11/22/2024 10:21:24.609 - Zone Name: CMesenbring - Test
VERBOSE: 11/22/2024 10:21:24.61 - Zone ID: 110890
VERBOSE: 11/22/2024 10:21:24.61 - Zone UUID: 859a0e6e-d806-4abc-8a7f-ac4f5f2325de
VERBOSE: 11/22/2024 10:21:24.612 - Zone Device Count: 9
VERBOSE: 11/22/2024 10:21:24.621 - Function 'Get-AutomoxAPIObject' is beginning. Please Wait...
VERBOSE: 11/22/2024 10:21:24.623 - Available Function Parameter(s) = -OrganizationID:String, -APIKey:String, -Endpoint:String, -Method:String, -BaseURI:Uri, -SubURI:Uri, -RequestParameters:String[], -Page:Int32, -Limit:Int32, -PropertyInclusionList:Object[], -PropertyExclusionList:Object[], -RequestAssociatedData:SwitchParameter, -Flatten:SwitchParameter, -Export:SwitchParameter, -ExportFormat:String, -ExportDirectory:DirectoryInfo, -FileName:String, -AppendDate:SwitchParameter, -Encoding:Encoding, -ContinueOnError:SwitchParameter
VERBOSE: 11/22/2024 10:21:24.624 - Supplied Function Parameter(s) = -OrganizationID:String, -APIKey:String, -Endpoint:String, -SubURI:Uri, -RequestParameters:String[], -ContinueOnError:SwitchParameter, -Verbose:SwitchParameter
VERBOSE: 11/22/2024 10:21:24.625 - Execution of Get-AutomoxAPIObject began on Friday, November 22, 2024 @ 10:21:24.62 AM
VERBOSE: 11/22/2024 10:21:24.626 - Attempting to load required assembly 1 of 1. Please Wait...
VERBOSE: 11/22/2024 10:21:24.627 - Assembly Name: Microsoft.PowerShell.Commands.Utility
VERBOSE: 11/22/2024 10:21:24.635 - Attempting to execute API request. Please Wait...
VERBOSE: 11/22/2024 10:21:24.636 - API Request URI: https://policyreport.automox.com/policy-history/policy-runs?org=859a0e6e-d806-4abc-8a7f-ac4f5f2325de&page=0&limit=100&start_time=2024-08-24T11:59:59Z&end_time=2024-11-22T11:59:59Z&policy_type:in=patch
VERBOSE: 11/22/2024 10:21:24.637 - API Request Escaped URI: https://policyreport.automox.com/policy-history/policy-runs?org=859a0e6e-d806-4abc-8a7f-ac4f5f2325de&page=0&limit=100&start_time=2024-08-24T11:59:59Z&end_time=2024-11-22T11:59:59Z&policy_type:in=patch
VERBOSE: 11/22/2024 10:21:24.637 - Method: Get
VERBOSE: 11/22/2024 10:21:24.638 - Page: 0
VERBOSE: 11/22/2024 10:21:24.884 - The API request completed in 246 milliseconds
VERBOSE: 11/22/2024 10:21:24.887 - API Request Status Code: 200
VERBOSE: 11/22/2024 10:21:24.887 - API Request Status Description: OK
VERBOSE: 11/22/2024 10:21:24.889 - API Request Record Count: 1
VERBOSE: 11/22/2024 10:21:24.889 - More API pagination request(s) are required. Continuing loop.
VERBOSE: 11/22/2024 10:21:24.89 - The API pagination request will be incremented from 0 to 1.
VERBOSE: 11/22/2024 10:21:24.893 - Attempting to execute API request. Please Wait...
VERBOSE: 11/22/2024 10:21:24.894 - API Request URI: https://policyreport.automox.com/policy-history/policy-runs?org=859a0e6e-d806-4abc-8a7f-ac4f5f2325de&page=1&limit=100&start_time=2024-08-24T11:59:59Z&end_time=2024-11-22T11:59:59Z&policy_type:in=patch
VERBOSE: 11/22/2024 10:21:24.894 - API Request Escaped URI: https://policyreport.automox.com/policy-history/policy-runs?org=859a0e6e-d806-4abc-8a7f-ac4f5f2325de&page=1&limit=100&start_time=2024-08-24T11:59:59Z&end_time=2024-11-22T11:59:59Z&policy_type:in=patch
VERBOSE: 11/22/2024 10:21:24.895 - Method: Get
VERBOSE: 11/22/2024 10:21:24.895 - Page: 1
VERBOSE: 11/22/2024 10:21:25.129 - The API request completed in 233 milliseconds
VERBOSE: 11/22/2024 10:21:25.133 - API Request Status Code: 200
VERBOSE: 11/22/2024 10:21:25.134 - API Request Status Description: OK
VERBOSE: 11/22/2024 10:21:25.136 - API Request Record Count: 1
VERBOSE: 11/22/2024 10:21:25.137 - No more API pagination request(s) are required. Exiting loop.
VERBOSE: 11/22/2024 10:21:25.14 - Execution of Get-AutomoxAPIObject ended on Friday, November 22, 2024 @ 10:21:25.14 AM
VERBOSE: 11/22/2024 10:21:25.141 - Function execution took 519 milliseconds
VERBOSE: 11/22/2024 10:21:25.142 - Function 'Get-AutomoxAPIObject' is completed.
VERBOSE: 11/22/2024 10:21:25.143 - The policy execution API request returned 2 result(s).
VERBOSE: 11/22/2024 10:21:25.15 - Attempting to process Automox zone 12 of 21. Please Wait...
VERBOSE: 11/22/2024 10:21:25.15 - Zone Name: A York Production - Test zone
VERBOSE: 11/22/2024 10:21:25.152 - Zone ID: 111078
VERBOSE: 11/22/2024 10:21:25.152 - Zone UUID: 2737d8c5-58aa-4a62-ae05-83bf3299f5a8
VERBOSE: 11/22/2024 10:21:25.153 - Zone Device Count: 2
VERBOSE: 11/22/2024 10:21:25.158 - Function 'Get-AutomoxAPIObject' is beginning. Please Wait...
VERBOSE: 11/22/2024 10:21:25.161 - Available Function Parameter(s) = -OrganizationID:String, -APIKey:String, -Endpoint:String, -Method:String, -BaseURI:Uri, -SubURI:Uri, -RequestParameters:String[], -Page:Int32, -Limit:Int32, -PropertyInclusionList:Object[], -PropertyExclusionList:Object[], -RequestAssociatedData:SwitchParameter, -Flatten:SwitchParameter, -Export:SwitchParameter, -ExportFormat:String, -ExportDirectory:DirectoryInfo, -FileName:String, -AppendDate:SwitchParameter, -Encoding:Encoding, -ContinueOnError:SwitchParameter
VERBOSE: 11/22/2024 10:21:25.163 - Supplied Function Parameter(s) = -OrganizationID:String, -APIKey:String, -Endpoint:String, -SubURI:Uri, -RequestParameters:String[], -ContinueOnError:SwitchParameter, -Verbose:SwitchParameter
VERBOSE: 11/22/2024 10:21:25.168 - Execution of Get-AutomoxAPIObject began on Friday, November 22, 2024 @ 10:21:25.158 AM
VERBOSE: 11/22/2024 10:21:25.169 - Attempting to load required assembly 1 of 1. Please Wait...
VERBOSE: 11/22/2024 10:21:25.17 - Assembly Name: Microsoft.PowerShell.Commands.Utility
VERBOSE: 11/22/2024 10:21:25.175 - Attempting to execute API request. Please Wait...
VERBOSE: 11/22/2024 10:21:25.177 - API Request URI: https://policyreport.automox.com/policy-history/policy-runs?org=2737d8c5-58aa-4a62-ae05-83bf3299f5a8&page=0&limit=100&start_time=2024-08-24T11:59:59Z&end_time=2024-11-22T11:59:59Z&policy_type:in=patch
VERBOSE: 11/22/2024 10:21:25.177 - API Request Escaped URI: https://policyreport.automox.com/policy-history/policy-runs?org=2737d8c5-58aa-4a62-ae05-83bf3299f5a8&page=0&limit=100&start_time=2024-08-24T11:59:59Z&end_time=2024-11-22T11:59:59Z&policy_type:in=patch
VERBOSE: 11/22/2024 10:21:25.178 - Method: Get
VERBOSE: 11/22/2024 10:21:25.178 - Page: 0
VERBOSE: 11/22/2024 10:21:25.327 - The API request completed in 148 milliseconds
VERBOSE: 11/22/2024 10:21:25.332 - API Request Status Code: 200
VERBOSE: 11/22/2024 10:21:25.333 - API Request Status Description: OK
VERBOSE: 11/22/2024 10:21:25.336 - API Request Record Count: 1
VERBOSE: 11/22/2024 10:21:25.337 - More API pagination request(s) are required. Continuing loop.
VERBOSE: 11/22/2024 10:21:25.338 - The API pagination request will be incremented from 0 to 1.
VERBOSE: 11/22/2024 10:21:25.344 - Attempting to execute API request. Please Wait...
VERBOSE: 11/22/2024 10:21:25.344 - API Request URI: https://policyreport.automox.com/policy-history/policy-runs?org=2737d8c5-58aa-4a62-ae05-83bf3299f5a8&page=1&limit=100&start_time=2024-08-24T11:59:59Z&end_time=2024-11-22T11:59:59Z&policy_type:in=patch
VERBOSE: 11/22/2024 10:21:25.344 - API Request Escaped URI: https://policyreport.automox.com/policy-history/policy-runs?org=2737d8c5-58aa-4a62-ae05-83bf3299f5a8&page=1&limit=100&start_time=2024-08-24T11:59:59Z&end_time=2024-11-22T11:59:59Z&policy_type:in=patch
VERBOSE: 11/22/2024 10:21:25.345 - Method: Get
VERBOSE: 11/22/2024 10:21:25.345 - Page: 1
VERBOSE: 11/22/2024 10:21:25.713 - The API request completed in 367 milliseconds
VERBOSE: 11/22/2024 10:21:25.719 - API Request Status Code: 200
VERBOSE: 11/22/2024 10:21:25.72 - API Request Status Description: OK
VERBOSE: 11/22/2024 10:21:25.722 - API Request Record Count: 1
VERBOSE: 11/22/2024 10:21:25.723 - No more API pagination request(s) are required. Exiting loop.
VERBOSE: 11/22/2024 10:21:25.727 - Execution of Get-AutomoxAPIObject ended on Friday, November 22, 2024 @ 10:21:25.727 AM
VERBOSE: 11/22/2024 10:21:25.735 - Function execution took 568 milliseconds
VERBOSE: 11/22/2024 10:21:25.736 - Function 'Get-AutomoxAPIObject' is completed.
VERBOSE: 11/22/2024 10:21:25.737 - The policy execution API request returned 2 result(s).
VERBOSE: 11/22/2024 10:21:25.749 - Attempting to process Automox zone 13 of 21. Please Wait...
VERBOSE: 11/22/2024 10:21:25.75 - Zone Name: Yaz Moreno Test
VERBOSE: 11/22/2024 10:21:25.751 - Zone ID: 113198
VERBOSE: 11/22/2024 10:21:25.751 - Zone UUID: 4d28fff6-70a5-4e5f-9889-159e65c2ebbb
VERBOSE: 11/22/2024 10:21:25.752 - Zone Device Count: 4
VERBOSE: 11/22/2024 10:21:25.756 - Function 'Get-AutomoxAPIObject' is beginning. Please Wait...
VERBOSE: 11/22/2024 10:21:25.757 - Available Function Parameter(s) = -OrganizationID:String, -APIKey:String, -Endpoint:String, -Method:String, -BaseURI:Uri, -SubURI:Uri, -RequestParameters:String[], -Page:Int32, -Limit:Int32, -PropertyInclusionList:Object[], -PropertyExclusionList:Object[], -RequestAssociatedData:SwitchParameter, -Flatten:SwitchParameter, -Export:SwitchParameter, -ExportFormat:String, -ExportDirectory:DirectoryInfo, -FileName:String, -AppendDate:SwitchParameter, -Encoding:Encoding, -ContinueOnError:SwitchParameter
VERBOSE: 11/22/2024 10:21:25.759 - Supplied Function Parameter(s) = -OrganizationID:String, -APIKey:String, -Endpoint:String, -SubURI:Uri, -RequestParameters:String[], -ContinueOnError:SwitchParameter, -Verbose:SwitchParameter
VERBOSE: 11/22/2024 10:21:25.76 - Execution of Get-AutomoxAPIObject began on Friday, November 22, 2024 @ 10:21:25.756 AM
VERBOSE: 11/22/2024 10:21:25.762 - Attempting to load required assembly 1 of 1. Please Wait...
VERBOSE: 11/22/2024 10:21:25.762 - Assembly Name: Microsoft.PowerShell.Commands.Utility
VERBOSE: 11/22/2024 10:21:25.766 - Attempting to execute API request. Please Wait...
VERBOSE: 11/22/2024 10:21:25.767 - API Request URI: https://policyreport.automox.com/policy-history/policy-runs?org=4d28fff6-70a5-4e5f-9889-159e65c2ebbb&page=0&limit=100&start_time=2024-08-24T11:59:59Z&end_time=2024-11-22T11:59:59Z&policy_type:in=patch
VERBOSE: 11/22/2024 10:21:25.767 - API Request Escaped URI: https://policyreport.automox.com/policy-history/policy-runs?org=4d28fff6-70a5-4e5f-9889-159e65c2ebbb&page=0&limit=100&start_time=2024-08-24T11:59:59Z&end_time=2024-11-22T11:59:59Z&policy_type:in=patch
VERBOSE: 11/22/2024 10:21:25.768 - Method: Get
VERBOSE: 11/22/2024 10:21:25.768 - Page: 0
VERBOSE: 11/22/2024 10:21:26.583 - The API request completed in 813 milliseconds
VERBOSE: 11/22/2024 10:21:26.586 - API Request Status Code: 200
VERBOSE: 11/22/2024 10:21:26.586 - API Request Status Description: OK
VERBOSE: 11/22/2024 10:21:26.59 - API Request Record Count: 1
VERBOSE: 11/22/2024 10:21:26.59 - More API pagination request(s) are required. Continuing loop.
VERBOSE: 11/22/2024 10:21:26.591 - The API pagination request will be incremented from 0 to 1.
VERBOSE: 11/22/2024 10:21:26.596 - Attempting to execute API request. Please Wait...
VERBOSE: 11/22/2024 10:21:26.597 - API Request URI: https://policyreport.automox.com/policy-history/policy-runs?org=4d28fff6-70a5-4e5f-9889-159e65c2ebbb&page=1&limit=100&start_time=2024-08-24T11:59:59Z&end_time=2024-11-22T11:59:59Z&policy_type:in=patch
VERBOSE: 11/22/2024 10:21:26.597 - API Request Escaped URI: https://policyreport.automox.com/policy-history/policy-runs?org=4d28fff6-70a5-4e5f-9889-159e65c2ebbb&page=1&limit=100&start_time=2024-08-24T11:59:59Z&end_time=2024-11-22T11:59:59Z&policy_type:in=patch
VERBOSE: 11/22/2024 10:21:26.598 - Method: Get
VERBOSE: 11/22/2024 10:21:26.598 - Page: 1
VERBOSE: 11/22/2024 10:21:26.882 - The API request completed in 283 milliseconds
VERBOSE: 11/22/2024 10:21:26.887 - API Request Status Code: 200
VERBOSE: 11/22/2024 10:21:26.889 - API Request Status Description: OK
VERBOSE: 11/22/2024 10:21:26.895 - API Request Record Count: 1
VERBOSE: 11/22/2024 10:21:26.896 - More API pagination request(s) are required. Continuing loop.
VERBOSE: 11/22/2024 10:21:26.897 - The API pagination request will be incremented from 1 to 2.
VERBOSE: 11/22/2024 10:21:26.9 - Attempting to execute API request. Please Wait...
VERBOSE: 11/22/2024 10:21:26.901 - API Request URI: https://policyreport.automox.com/policy-history/policy-runs?org=4d28fff6-70a5-4e5f-9889-159e65c2ebbb&page=2&limit=100&start_time=2024-08-24T11:59:59Z&end_time=2024-11-22T11:59:59Z&policy_type:in=patch
VERBOSE: 11/22/2024 10:21:26.902 - API Request Escaped URI: https://policyreport.automox.com/policy-history/policy-runs?org=4d28fff6-70a5-4e5f-9889-159e65c2ebbb&page=2&limit=100&start_time=2024-08-24T11:59:59Z&end_time=2024-11-22T11:59:59Z&policy_type:in=patch
VERBOSE: 11/22/2024 10:21:26.902 - Method: Get
VERBOSE: 11/22/2024 10:21:26.902 - Page: 2
VERBOSE: 11/22/2024 10:21:27.538 - The API request completed in 634 milliseconds
VERBOSE: 11/22/2024 10:21:27.542 - API Request Status Code: 200
VERBOSE: 11/22/2024 10:21:27.543 - API Request Status Description: OK
VERBOSE: 11/22/2024 10:21:27.544 - API Request Record Count: 1
VERBOSE: 11/22/2024 10:21:27.549 - No more API pagination request(s) are required. Exiting loop.
VERBOSE: 11/22/2024 10:21:27.551 - Execution of Get-AutomoxAPIObject ended on Friday, November 22, 2024 @ 10:21:27.551 AM
VERBOSE: 11/22/2024 10:21:27.553 - Function execution took 1 second, and 795 milliseconds
VERBOSE: 11/22/2024 10:21:27.555 - Function 'Get-AutomoxAPIObject' is completed.
VERBOSE: 11/22/2024 10:21:27.556 - The policy execution API request returned 3 result(s).
VERBOSE: 11/22/2024 10:21:27.577 - Attempting to process Automox zone 14 of 21. Please Wait...
VERBOSE: 11/22/2024 10:21:27.578 - Zone Name: Alphaeus-Mote-TestZone
VERBOSE: 11/22/2024 10:21:27.579 - Zone ID: 113673
VERBOSE: 11/22/2024 10:21:27.579 - Zone UUID: eaa1dd56-701f-4577-9646-a13fa8109044
VERBOSE: 11/22/2024 10:21:27.58 - Zone Device Count: 4
VERBOSE: 11/22/2024 10:21:27.585 - Function 'Get-AutomoxAPIObject' is beginning. Please Wait...
VERBOSE: 11/22/2024 10:21:27.586 - Available Function Parameter(s) = -OrganizationID:String, -APIKey:String, -Endpoint:String, -Method:String, -BaseURI:Uri, -SubURI:Uri, -RequestParameters:String[], -Page:Int32, -Limit:Int32, -PropertyInclusionList:Object[], -PropertyExclusionList:Object[], -RequestAssociatedData:SwitchParameter, -Flatten:SwitchParameter, -Export:SwitchParameter, -ExportFormat:String, -ExportDirectory:DirectoryInfo, -FileName:String, -AppendDate:SwitchParameter, -Encoding:Encoding, -ContinueOnError:SwitchParameter
VERBOSE: 11/22/2024 10:21:27.587 - Supplied Function Parameter(s) = -OrganizationID:String, -APIKey:String, -Endpoint:String, -SubURI:Uri, -RequestParameters:String[], -ContinueOnError:SwitchParameter, -Verbose:SwitchParameter
VERBOSE: 11/22/2024 10:21:27.588 - Execution of Get-AutomoxAPIObject began on Friday, November 22, 2024 @ 10:21:27.585 AM
VERBOSE: 11/22/2024 10:21:27.59 - Attempting to load required assembly 1 of 1. Please Wait...
VERBOSE: 11/22/2024 10:21:27.59 - Assembly Name: Microsoft.PowerShell.Commands.Utility
VERBOSE: 11/22/2024 10:21:27.596 - Attempting to execute API request. Please Wait...
VERBOSE: 11/22/2024 10:21:27.596 - API Request URI: https://policyreport.automox.com/policy-history/policy-runs?org=eaa1dd56-701f-4577-9646-a13fa8109044&page=0&limit=100&start_time=2024-08-24T11:59:59Z&end_time=2024-11-22T11:59:59Z&policy_type:in=patch
VERBOSE: 11/22/2024 10:21:27.597 - API Request Escaped URI: https://policyreport.automox.com/policy-history/policy-runs?org=eaa1dd56-701f-4577-9646-a13fa8109044&page=0&limit=100&start_time=2024-08-24T11:59:59Z&end_time=2024-11-22T11:59:59Z&policy_type:in=patch
VERBOSE: 11/22/2024 10:21:27.597 - Method: Get
VERBOSE: 11/22/2024 10:21:27.598 - Page: 0
VERBOSE: 11/22/2024 10:21:28.016 - The API request completed in 417 milliseconds
VERBOSE: 11/22/2024 10:21:28.02 - API Request Status Code: 200
VERBOSE: 11/22/2024 10:21:28.037 - API Request Status Description: OK
VERBOSE: 11/22/2024 10:21:28.069 - API Request Record Count: 1
VERBOSE: 11/22/2024 10:21:28.076 - More API pagination request(s) are required. Continuing loop.
VERBOSE: 11/22/2024 10:21:28.079 - The API pagination request will be incremented from 0 to 1.
VERBOSE: 11/22/2024 10:21:28.089 - Attempting to execute API request. Please Wait...
VERBOSE: 11/22/2024 10:21:28.09 - API Request URI: https://policyreport.automox.com/policy-history/policy-runs?org=eaa1dd56-701f-4577-9646-a13fa8109044&page=1&limit=100&start_time=2024-08-24T11:59:59Z&end_time=2024-11-22T11:59:59Z&policy_type:in=patch
VERBOSE: 11/22/2024 10:21:28.09 - API Request Escaped URI: https://policyreport.automox.com/policy-history/policy-runs?org=eaa1dd56-701f-4577-9646-a13fa8109044&page=1&limit=100&start_time=2024-08-24T11:59:59Z&end_time=2024-11-22T11:59:59Z&policy_type:in=patch
VERBOSE: 11/22/2024 10:21:28.091 - Method: Get
VERBOSE: 11/22/2024 10:21:28.091 - Page: 1
VERBOSE: 11/22/2024 10:21:28.806 - The API request completed in 714 milliseconds
VERBOSE: 11/22/2024 10:21:28.812 - API Request Status Code: 200
VERBOSE: 11/22/2024 10:21:28.813 - API Request Status Description: OK
VERBOSE: 11/22/2024 10:21:28.814 - API Request Record Count: 1
VERBOSE: 11/22/2024 10:21:28.815 - No more API pagination request(s) are required. Exiting loop.
VERBOSE: 11/22/2024 10:21:28.817 - Execution of Get-AutomoxAPIObject ended on Friday, November 22, 2024 @ 10:21:28.817 AM
VERBOSE: 11/22/2024 10:21:28.817 - Function execution took 1 second, and 232 milliseconds
VERBOSE: 11/22/2024 10:21:28.825 - Function 'Get-AutomoxAPIObject' is completed.
VERBOSE: 11/22/2024 10:21:28.825 - The policy execution API request returned 2 result(s).
VERBOSE: 11/22/2024 10:21:28.835 - Attempting to process Automox zone 15 of 21. Please Wait...
VERBOSE: 11/22/2024 10:21:28.836 - Zone Name: KGS - Test Zone
VERBOSE: 11/22/2024 10:21:28.836 - Zone ID: 113951
VERBOSE: 11/22/2024 10:21:28.837 - Zone UUID: da4d778d-8d3c-46ae-9328-259d05c1d47a
VERBOSE: 11/22/2024 10:21:28.837 - Zone Device Count: 3
VERBOSE: 11/22/2024 10:21:28.842 - Function 'Get-AutomoxAPIObject' is beginning. Please Wait...
VERBOSE: 11/22/2024 10:21:28.843 - Available Function Parameter(s) = -OrganizationID:String, -APIKey:String, -Endpoint:String, -Method:String, -BaseURI:Uri, -SubURI:Uri, -RequestParameters:String[], -Page:Int32, -Limit:Int32, -PropertyInclusionList:Object[], -PropertyExclusionList:Object[], -RequestAssociatedData:SwitchParameter, -Flatten:SwitchParameter, -Export:SwitchParameter, -ExportFormat:String, -ExportDirectory:DirectoryInfo, -FileName:String, -AppendDate:SwitchParameter, -Encoding:Encoding, -ContinueOnError:SwitchParameter
VERBOSE: 11/22/2024 10:21:28.844 - Supplied Function Parameter(s) = -OrganizationID:String, -APIKey:String, -Endpoint:String, -SubURI:Uri, -RequestParameters:String[], -ContinueOnError:SwitchParameter, -Verbose:SwitchParameter
VERBOSE: 11/22/2024 10:21:28.845 - Execution of Get-AutomoxAPIObject began on Friday, November 22, 2024 @ 10:21:28.842 AM
VERBOSE: 11/22/2024 10:21:28.846 - Attempting to load required assembly 1 of 1. Please Wait...
VERBOSE: 11/22/2024 10:21:28.846 - Assembly Name: Microsoft.PowerShell.Commands.Utility
VERBOSE: 11/22/2024 10:21:28.85 - Attempting to execute API request. Please Wait...
VERBOSE: 11/22/2024 10:21:28.851 - API Request URI: https://policyreport.automox.com/policy-history/policy-runs?org=da4d778d-8d3c-46ae-9328-259d05c1d47a&page=0&limit=100&start_time=2024-08-24T11:59:59Z&end_time=2024-11-22T11:59:59Z&policy_type:in=patch
VERBOSE: 11/22/2024 10:21:28.852 - API Request Escaped URI: https://policyreport.automox.com/policy-history/policy-runs?org=da4d778d-8d3c-46ae-9328-259d05c1d47a&page=0&limit=100&start_time=2024-08-24T11:59:59Z&end_time=2024-11-22T11:59:59Z&policy_type:in=patch
VERBOSE: 11/22/2024 10:21:28.852 - Method: Get
VERBOSE: 11/22/2024 10:21:28.852 - Page: 0
VERBOSE: 11/22/2024 10:21:29.019 - The API request completed in 165 milliseconds
VERBOSE: 11/22/2024 10:21:29.022 - API Request Status Code: 200
VERBOSE: 11/22/2024 10:21:29.022 - API Request Status Description: OK
VERBOSE: 11/22/2024 10:21:29.022 - API Request Record Count: 1
VERBOSE: 11/22/2024 10:21:29.023 - No more API pagination request(s) are required. Exiting loop.
VERBOSE: 11/22/2024 10:21:29.025 - Execution of Get-AutomoxAPIObject ended on Friday, November 22, 2024 @ 10:21:29.025 AM
VERBOSE: 11/22/2024 10:21:29.025 - Function execution took 183 milliseconds
VERBOSE: 11/22/2024 10:21:29.027 - Function 'Get-AutomoxAPIObject' is completed.
VERBOSE: 11/22/2024 10:21:29.03 - The policy execution API request returned 1 result(s).
VERBOSE: 11/22/2024 10:21:29.037 - Attempting to process Automox zone 16 of 21. Please Wait...
VERBOSE: 11/22/2024 10:21:29.037 - Zone Name: BENTEST
VERBOSE: 11/22/2024 10:21:29.038 - Zone ID: 115113
VERBOSE: 11/22/2024 10:21:29.039 - Zone UUID: 3184774d-c861-4a14-adb8-fd63a354fbf7
VERBOSE: 11/22/2024 10:21:29.039 - Zone Device Count: 0
VERBOSE: 11/22/2024 10:21:29.042 - Function 'Get-AutomoxAPIObject' is beginning. Please Wait...
VERBOSE: 11/22/2024 10:21:29.043 - Available Function Parameter(s) = -OrganizationID:String, -APIKey:String, -Endpoint:String, -Method:String, -BaseURI:Uri, -SubURI:Uri, -RequestParameters:String[], -Page:Int32, -Limit:Int32, -PropertyInclusionList:Object[], -PropertyExclusionList:Object[], -RequestAssociatedData:SwitchParameter, -Flatten:SwitchParameter, -Export:SwitchParameter, -ExportFormat:String, -ExportDirectory:DirectoryInfo, -FileName:String, -AppendDate:SwitchParameter, -Encoding:Encoding, -ContinueOnError:SwitchParameter
VERBOSE: 11/22/2024 10:21:29.044 - Supplied Function Parameter(s) = -OrganizationID:String, -APIKey:String, -Endpoint:String, -SubURI:Uri, -RequestParameters:String[], -ContinueOnError:SwitchParameter, -Verbose:SwitchParameter
VERBOSE: 11/22/2024 10:21:29.044 - Execution of Get-AutomoxAPIObject began on Friday, November 22, 2024 @ 10:21:29.042 AM
VERBOSE: 11/22/2024 10:21:29.045 - Attempting to load required assembly 1 of 1. Please Wait...
VERBOSE: 11/22/2024 10:21:29.046 - Assembly Name: Microsoft.PowerShell.Commands.Utility
VERBOSE: 11/22/2024 10:21:29.052 - Attempting to execute API request. Please Wait...
VERBOSE: 11/22/2024 10:21:29.053 - API Request URI: https://policyreport.automox.com/policy-history/policy-runs?org=3184774d-c861-4a14-adb8-fd63a354fbf7&page=0&limit=100&start_time=2024-08-24T11:59:59Z&end_time=2024-11-22T11:59:59Z&policy_type:in=patch
VERBOSE: 11/22/2024 10:21:29.053 - API Request Escaped URI: https://policyreport.automox.com/policy-history/policy-runs?org=3184774d-c861-4a14-adb8-fd63a354fbf7&page=0&limit=100&start_time=2024-08-24T11:59:59Z&end_time=2024-11-22T11:59:59Z&policy_type:in=patch
VERBOSE: 11/22/2024 10:21:29.054 - Method: Get
VERBOSE: 11/22/2024 10:21:29.054 - Page: 0
VERBOSE: 11/22/2024 10:21:29.257 - The API request completed in 201 milliseconds
VERBOSE: 11/22/2024 10:21:29.261 - API Request Status Code: 200
VERBOSE: 11/22/2024 10:21:29.262 - API Request Status Description: OK
VERBOSE: 11/22/2024 10:21:29.263 - API Request Record Count: 1
VERBOSE: 11/22/2024 10:21:29.264 - No more API pagination request(s) are required. Exiting loop.
VERBOSE: 11/22/2024 10:21:29.268 - Execution of Get-AutomoxAPIObject ended on Friday, November 22, 2024 @ 10:21:29.268 AM
VERBOSE: 11/22/2024 10:21:29.269 - Function execution took 226 milliseconds
VERBOSE: 11/22/2024 10:21:29.27 - Function 'Get-AutomoxAPIObject' is completed.
VERBOSE: 11/22/2024 10:21:29.271 - The policy execution API request returned 1 result(s).
VERBOSE: 11/22/2024 10:21:29.274 - Attempting to process Automox zone 17 of 21. Please Wait...
VERBOSE: 11/22/2024 10:21:29.275 - Zone Name: Webinar Recording Zone
VERBOSE: 11/22/2024 10:21:29.275 - Zone ID: 115206
VERBOSE: 11/22/2024 10:21:29.275 - Zone UUID: d55c5add-e047-4d3f-923e-520ab34e5519
VERBOSE: 11/22/2024 10:21:29.275 - Zone Device Count: 0
VERBOSE: 11/22/2024 10:21:29.28 - Function 'Get-AutomoxAPIObject' is beginning. Please Wait...
VERBOSE: 11/22/2024 10:21:29.282 - Available Function Parameter(s) = -OrganizationID:String, -APIKey:String, -Endpoint:String, -Method:String, -BaseURI:Uri, -SubURI:Uri, -RequestParameters:String[], -Page:Int32, -Limit:Int32, -PropertyInclusionList:Object[], -PropertyExclusionList:Object[], -RequestAssociatedData:SwitchParameter, -Flatten:SwitchParameter, -Export:SwitchParameter, -ExportFormat:String, -ExportDirectory:DirectoryInfo, -FileName:String, -AppendDate:SwitchParameter, -Encoding:Encoding, -ContinueOnError:SwitchParameter
VERBOSE: 11/22/2024 10:21:29.283 - Supplied Function Parameter(s) = -OrganizationID:String, -APIKey:String, -Endpoint:String, -SubURI:Uri, -RequestParameters:String[], -ContinueOnError:SwitchParameter, -Verbose:SwitchParameter
VERBOSE: 11/22/2024 10:21:29.283 - Execution of Get-AutomoxAPIObject began on Friday, November 22, 2024 @ 10:21:29.28 AM
VERBOSE: 11/22/2024 10:21:29.285 - Attempting to load required assembly 1 of 1. Please Wait...
VERBOSE: 11/22/2024 10:21:29.285 - Assembly Name: Microsoft.PowerShell.Commands.Utility
VERBOSE: 11/22/2024 10:21:29.289 - Attempting to execute API request. Please Wait...
VERBOSE: 11/22/2024 10:21:29.29 - API Request URI: https://policyreport.automox.com/policy-history/policy-runs?org=d55c5add-e047-4d3f-923e-520ab34e5519&page=0&limit=100&start_time=2024-08-24T11:59:59Z&end_time=2024-11-22T11:59:59Z&policy_type:in=patch
VERBOSE: 11/22/2024 10:21:29.29 - API Request Escaped URI: https://policyreport.automox.com/policy-history/policy-runs?org=d55c5add-e047-4d3f-923e-520ab34e5519&page=0&limit=100&start_time=2024-08-24T11:59:59Z&end_time=2024-11-22T11:59:59Z&policy_type:in=patch
VERBOSE: 11/22/2024 10:21:29.29 - Method: Get
VERBOSE: 11/22/2024 10:21:29.291 - Page: 0
VERBOSE: 11/22/2024 10:21:29.453 - The API request completed in 161 milliseconds
VERBOSE: 11/22/2024 10:21:29.46 - API Request Status Code: 200
VERBOSE: 11/22/2024 10:21:29.462 - API Request Status Description: OK
VERBOSE: 11/22/2024 10:21:29.463 - API Request Record Count: 1
VERBOSE: 11/22/2024 10:21:29.464 - No more API pagination request(s) are required. Exiting loop.
VERBOSE: 11/22/2024 10:21:29.467 - Execution of Get-AutomoxAPIObject ended on Friday, November 22, 2024 @ 10:21:29.467 AM
VERBOSE: 11/22/2024 10:21:29.467 - Function execution took 187 milliseconds
VERBOSE: 11/22/2024 10:21:29.47 - Function 'Get-AutomoxAPIObject' is completed.
VERBOSE: 11/22/2024 10:21:29.47 - The policy execution API request returned 1 result(s).
VERBOSE: 11/22/2024 10:21:29.473 - Attempting to process Automox zone 18 of 21. Please Wait...
VERBOSE: 11/22/2024 10:21:29.474 - Zone Name: STEST
VERBOSE: 11/22/2024 10:21:29.474 - Zone ID: 115695
VERBOSE: 11/22/2024 10:21:29.475 - Zone UUID: da440b80-03e1-4c98-995c-e5768272ec22
VERBOSE: 11/22/2024 10:21:29.475 - Zone Device Count: 0
VERBOSE: 11/22/2024 10:21:29.481 - Function 'Get-AutomoxAPIObject' is beginning. Please Wait...
VERBOSE: 11/22/2024 10:21:29.482 - Available Function Parameter(s) = -OrganizationID:String, -APIKey:String, -Endpoint:String, -Method:String, -BaseURI:Uri, -SubURI:Uri, -RequestParameters:String[], -Page:Int32, -Limit:Int32, -PropertyInclusionList:Object[], -PropertyExclusionList:Object[], -RequestAssociatedData:SwitchParameter, -Flatten:SwitchParameter, -Export:SwitchParameter, -ExportFormat:String, -ExportDirectory:DirectoryInfo, -FileName:String, -AppendDate:SwitchParameter, -Encoding:Encoding, -ContinueOnError:SwitchParameter
VERBOSE: 11/22/2024 10:21:29.482 - Supplied Function Parameter(s) = -OrganizationID:String, -APIKey:String, -Endpoint:String, -SubURI:Uri, -RequestParameters:String[], -ContinueOnError:SwitchParameter, -Verbose:SwitchParameter
VERBOSE: 11/22/2024 10:21:29.483 - Execution of Get-AutomoxAPIObject began on Friday, November 22, 2024 @ 10:21:29.481 AM
VERBOSE: 11/22/2024 10:21:29.484 - Attempting to load required assembly 1 of 1. Please Wait...
VERBOSE: 11/22/2024 10:21:29.485 - Assembly Name: Microsoft.PowerShell.Commands.Utility
VERBOSE: 11/22/2024 10:21:29.491 - Attempting to execute API request. Please Wait...
VERBOSE: 11/22/2024 10:21:29.492 - API Request URI: https://policyreport.automox.com/policy-history/policy-runs?org=da440b80-03e1-4c98-995c-e5768272ec22&page=0&limit=100&start_time=2024-08-24T11:59:59Z&end_time=2024-11-22T11:59:59Z&policy_type:in=patch
VERBOSE: 11/22/2024 10:21:29.492 - API Request Escaped URI: https://policyreport.automox.com/policy-history/policy-runs?org=da440b80-03e1-4c98-995c-e5768272ec22&page=0&limit=100&start_time=2024-08-24T11:59:59Z&end_time=2024-11-22T11:59:59Z&policy_type:in=patch
VERBOSE: 11/22/2024 10:21:29.494 - Method: Get
VERBOSE: 11/22/2024 10:21:29.494 - Page: 0
VERBOSE: 11/22/2024 10:21:29.655 - The API request completed in 160 milliseconds
VERBOSE: 11/22/2024 10:21:29.66 - API Request Status Code: 200
VERBOSE: 11/22/2024 10:21:29.661 - API Request Status Description: OK
VERBOSE: 11/22/2024 10:21:29.663 - API Request Record Count: 1
VERBOSE: 11/22/2024 10:21:29.668 - No more API pagination request(s) are required. Exiting loop.
VERBOSE: 11/22/2024 10:21:29.672 - Execution of Get-AutomoxAPIObject ended on Friday, November 22, 2024 @ 10:21:29.671 AM
VERBOSE: 11/22/2024 10:21:29.672 - Function execution took 190 milliseconds
VERBOSE: 11/22/2024 10:21:29.674 - Function 'Get-AutomoxAPIObject' is completed.
VERBOSE: 11/22/2024 10:21:29.675 - The policy execution API request returned 1 result(s).
VERBOSE: 11/22/2024 10:21:29.679 - Attempting to process Automox zone 19 of 21. Please Wait...
VERBOSE: 11/22/2024 10:21:29.68 - Zone Name: BEN NEW ORG TEST
VERBOSE: 11/22/2024 10:21:29.68 - Zone ID: 116092
VERBOSE: 11/22/2024 10:21:29.681 - Zone UUID: 52dd0c50-f9f2-4748-9fb4-0997d453c0ae
VERBOSE: 11/22/2024 10:21:29.681 - Zone Device Count: 0
VERBOSE: 11/22/2024 10:21:29.685 - Function 'Get-AutomoxAPIObject' is beginning. Please Wait...
VERBOSE: 11/22/2024 10:21:29.688 - Available Function Parameter(s) = -OrganizationID:String, -APIKey:String, -Endpoint:String, -Method:String, -BaseURI:Uri, -SubURI:Uri, -RequestParameters:String[], -Page:Int32, -Limit:Int32, -PropertyInclusionList:Object[], -PropertyExclusionList:Object[], -RequestAssociatedData:SwitchParameter, -Flatten:SwitchParameter, -Export:SwitchParameter, -ExportFormat:String, -ExportDirectory:DirectoryInfo, -FileName:String, -AppendDate:SwitchParameter, -Encoding:Encoding, -ContinueOnError:SwitchParameter
VERBOSE: 11/22/2024 10:21:29.689 - Supplied Function Parameter(s) = -OrganizationID:String, -APIKey:String, -Endpoint:String, -SubURI:Uri, -RequestParameters:String[], -ContinueOnError:SwitchParameter, -Verbose:SwitchParameter
VERBOSE: 11/22/2024 10:21:29.689 - Execution of Get-AutomoxAPIObject began on Friday, November 22, 2024 @ 10:21:29.685 AM
VERBOSE: 11/22/2024 10:21:29.691 - Attempting to load required assembly 1 of 1. Please Wait...
VERBOSE: 11/22/2024 10:21:29.691 - Assembly Name: Microsoft.PowerShell.Commands.Utility
VERBOSE: 11/22/2024 10:21:29.697 - Attempting to execute API request. Please Wait...
VERBOSE: 11/22/2024 10:21:29.697 - API Request URI: https://policyreport.automox.com/policy-history/policy-runs?org=52dd0c50-f9f2-4748-9fb4-0997d453c0ae&page=0&limit=100&start_time=2024-08-24T11:59:59Z&end_time=2024-11-22T11:59:59Z&policy_type:in=patch
VERBOSE: 11/22/2024 10:21:29.698 - API Request Escaped URI: https://policyreport.automox.com/policy-history/policy-runs?org=52dd0c50-f9f2-4748-9fb4-0997d453c0ae&page=0&limit=100&start_time=2024-08-24T11:59:59Z&end_time=2024-11-22T11:59:59Z&policy_type:in=patch
VERBOSE: 11/22/2024 10:21:29.698 - Method: Get
VERBOSE: 11/22/2024 10:21:29.699 - Page: 0
VERBOSE: 11/22/2024 10:21:29.857 - The API request completed in 157 milliseconds
VERBOSE: 11/22/2024 10:21:29.864 - API Request Status Code: 200
VERBOSE: 11/22/2024 10:21:29.865 - API Request Status Description: OK
VERBOSE: 11/22/2024 10:21:29.875 - API Request Record Count: 1
VERBOSE: 11/22/2024 10:21:29.876 - No more API pagination request(s) are required. Exiting loop.
VERBOSE: 11/22/2024 10:21:29.878 - Execution of Get-AutomoxAPIObject ended on Friday, November 22, 2024 @ 10:21:29.878 AM
VERBOSE: 11/22/2024 10:21:29.879 - Function execution took 193 milliseconds
VERBOSE: 11/22/2024 10:21:29.88 - Function 'Get-AutomoxAPIObject' is completed.
VERBOSE: 11/22/2024 10:21:29.882 - The policy execution API request returned 1 result(s).
VERBOSE: 11/22/2024 10:21:29.888 - Attempting to process Automox zone 20 of 21. Please Wait...
VERBOSE: 11/22/2024 10:21:29.889 - Zone Name: BEN NEW ORG TEST 1
VERBOSE: 11/22/2024 10:21:29.889 - Zone ID: 116093
VERBOSE: 11/22/2024 10:21:29.889 - Zone UUID: 6b87719a-431e-4668-9f2d-a5c9ab61dc4f
VERBOSE: 11/22/2024 10:21:29.89 - Zone Device Count: 0
VERBOSE: 11/22/2024 10:21:29.893 - Function 'Get-AutomoxAPIObject' is beginning. Please Wait...
VERBOSE: 11/22/2024 10:21:29.895 - Available Function Parameter(s) = -OrganizationID:String, -APIKey:String, -Endpoint:String, -Method:String, -BaseURI:Uri, -SubURI:Uri, -RequestParameters:String[], -Page:Int32, -Limit:Int32, -PropertyInclusionList:Object[], -PropertyExclusionList:Object[], -RequestAssociatedData:SwitchParameter, -Flatten:SwitchParameter, -Export:SwitchParameter, -ExportFormat:String, -ExportDirectory:DirectoryInfo, -FileName:String, -AppendDate:SwitchParameter, -Encoding:Encoding, -ContinueOnError:SwitchParameter
VERBOSE: 11/22/2024 10:21:29.895 - Supplied Function Parameter(s) = -OrganizationID:String, -APIKey:String, -Endpoint:String, -SubURI:Uri, -RequestParameters:String[], -ContinueOnError:SwitchParameter, -Verbose:SwitchParameter
VERBOSE: 11/22/2024 10:21:29.896 - Execution of Get-AutomoxAPIObject began on Friday, November 22, 2024 @ 10:21:29.893 AM
VERBOSE: 11/22/2024 10:21:29.897 - Attempting to load required assembly 1 of 1. Please Wait...
VERBOSE: 11/22/2024 10:21:29.898 - Assembly Name: Microsoft.PowerShell.Commands.Utility
VERBOSE: 11/22/2024 10:21:29.904 - Attempting to execute API request. Please Wait...
VERBOSE: 11/22/2024 10:21:29.904 - API Request URI: https://policyreport.automox.com/policy-history/policy-runs?org=6b87719a-431e-4668-9f2d-a5c9ab61dc4f&page=0&limit=100&start_time=2024-08-24T11:59:59Z&end_time=2024-11-22T11:59:59Z&policy_type:in=patch
VERBOSE: 11/22/2024 10:21:29.905 - API Request Escaped URI: https://policyreport.automox.com/policy-history/policy-runs?org=6b87719a-431e-4668-9f2d-a5c9ab61dc4f&page=0&limit=100&start_time=2024-08-24T11:59:59Z&end_time=2024-11-22T11:59:59Z&policy_type:in=patch
VERBOSE: 11/22/2024 10:21:29.905 - Method: Get
VERBOSE: 11/22/2024 10:21:29.906 - Page: 0
VERBOSE: 11/22/2024 10:21:30.066 - The API request completed in 159 milliseconds
VERBOSE: 11/22/2024 10:21:30.074 - API Request Status Code: 200
VERBOSE: 11/22/2024 10:21:30.075 - API Request Status Description: OK
VERBOSE: 11/22/2024 10:21:30.076 - API Request Record Count: 1
VERBOSE: 11/22/2024 10:21:30.077 - No more API pagination request(s) are required. Exiting loop.
VERBOSE: 11/22/2024 10:21:30.081 - Execution of Get-AutomoxAPIObject ended on Friday, November 22, 2024 @ 10:21:30.081 AM
VERBOSE: 11/22/2024 10:21:30.082 - Function execution took 188 milliseconds
VERBOSE: 11/22/2024 10:21:30.084 - Function 'Get-AutomoxAPIObject' is completed.
VERBOSE: 11/22/2024 10:21:30.084 - The policy execution API request returned 1 result(s).
VERBOSE: 11/22/2024 10:21:30.087 - Attempting to process Automox zone 21 of 21. Please Wait...
VERBOSE: 11/22/2024 10:21:30.088 - Zone Name: BEN NEW ORG TEST 2
VERBOSE: 11/22/2024 10:21:30.088 - Zone ID: 116094
VERBOSE: 11/22/2024 10:21:30.089 - Zone UUID: 6608b064-8538-480a-a9f8-13fcecdb8dfd
VERBOSE: 11/22/2024 10:21:30.089 - Zone Device Count: 0
VERBOSE: 11/22/2024 10:21:30.093 - Function 'Get-AutomoxAPIObject' is beginning. Please Wait...
VERBOSE: 11/22/2024 10:21:30.096 - Available Function Parameter(s) = -OrganizationID:String, -APIKey:String, -Endpoint:String, -Method:String, -BaseURI:Uri, -SubURI:Uri, -RequestParameters:String[], -Page:Int32, -Limit:Int32, -PropertyInclusionList:Object[], -PropertyExclusionList:Object[], -RequestAssociatedData:SwitchParameter, -Flatten:SwitchParameter, -Export:SwitchParameter, -ExportFormat:String, -ExportDirectory:DirectoryInfo, -FileName:String, -AppendDate:SwitchParameter, -Encoding:Encoding, -ContinueOnError:SwitchParameter
VERBOSE: 11/22/2024 10:21:30.097 - Supplied Function Parameter(s) = -OrganizationID:String, -APIKey:String, -Endpoint:String, -SubURI:Uri, -RequestParameters:String[], -ContinueOnError:SwitchParameter, -Verbose:SwitchParameter
VERBOSE: 11/22/2024 10:21:30.097 - Execution of Get-AutomoxAPIObject began on Friday, November 22, 2024 @ 10:21:30.093 AM
VERBOSE: 11/22/2024 10:21:30.099 - Attempting to load required assembly 1 of 1. Please Wait...
VERBOSE: 11/22/2024 10:21:30.099 - Assembly Name: Microsoft.PowerShell.Commands.Utility
VERBOSE: 11/22/2024 10:21:30.103 - Attempting to execute API request. Please Wait...
VERBOSE: 11/22/2024 10:21:30.104 - API Request URI: https://policyreport.automox.com/policy-history/policy-runs?org=6608b064-8538-480a-a9f8-13fcecdb8dfd&page=0&limit=100&start_time=2024-08-24T11:59:59Z&end_time=2024-11-22T11:59:59Z&policy_type:in=patch
VERBOSE: 11/22/2024 10:21:30.105 - API Request Escaped URI: https://policyreport.automox.com/policy-history/policy-runs?org=6608b064-8538-480a-a9f8-13fcecdb8dfd&page=0&limit=100&start_time=2024-08-24T11:59:59Z&end_time=2024-11-22T11:59:59Z&policy_type:in=patch
VERBOSE: 11/22/2024 10:21:30.106 - Method: Get
VERBOSE: 11/22/2024 10:21:30.106 - Page: 0
VERBOSE: 11/22/2024 10:21:30.265 - The API request completed in 158 milliseconds
VERBOSE: 11/22/2024 10:21:30.27 - API Request Status Code: 200
VERBOSE: 11/22/2024 10:21:30.27 - API Request Status Description: OK
VERBOSE: 11/22/2024 10:21:30.272 - API Request Record Count: 1
VERBOSE: 11/22/2024 10:21:30.273 - No more API pagination request(s) are required. Exiting loop.
VERBOSE: 11/22/2024 10:21:30.275 - Execution of Get-AutomoxAPIObject ended on Friday, November 22, 2024 @ 10:21:30.275 AM
VERBOSE: 11/22/2024 10:21:30.276 - Function execution took 181 milliseconds
VERBOSE: 11/22/2024 10:21:30.277 - Function 'Get-AutomoxAPIObject' is completed.
VERBOSE: 11/22/2024 10:21:30.278 - The policy execution API request returned 1 result(s).
VERBOSE: 11/22/2024 10:21:30.282 - Attempting to export 21 row(s) to a CSV for the "PolicySuccessRatePerZone" report. Please Wait...
VERBOSE: 11/22/2024 10:21:30.282 - Export Path: \\nas.gracesolution.prv\Personal\Automox\Reports\Grafana\CSVs\CrossZoneReport\PolicySuccessRatePerZone.csv

VERBOSE: 11/22/2024 10:21:30.309 - Script execution of "Get-AutomoxCrossZoneReport.ps1" ended on Friday, November 22, 2024 @ 10:21:30.308 AM
VERBOSE: 11/22/2024 10:21:30.309 - Script execution took 0 hour(s), 0 minute(s), 13 second(s), and 714 millisecond(s).
VERBOSE: 11/22/2024 10:21:30.31 - Exiting script "C:\Users\AlphaeusMote\Github\powershell-sdk\Get-AutomoxCrossZoneReport\Get-AutomoxCrossZoneReport.ps1" with exit code 0.
**********************
Windows PowerShell transcript end
End time: 20241122102130
**********************
